[rospy.client][INFO] 2026-06-07 22:41:29,077: init_node, name[/game_node], pid[28568]
[xmlrpc][INFO] 2026-06-07 22:41:29,078: XML-RPC server binding to 0.0.0.0:0
[xmlrpc][INFO] 2026-06-07 22:41:29,078: Started XML-RPC server [http://abot-robot:36157/]
[rospy.init][INFO] 2026-06-07 22:41:29,079: ROS Slave URI: [http://abot-robot:36157/]
[rospy.impl.masterslave][INFO] 2026-06-07 22:41:29,079: _ready: http://abot-robot:36157/
[rospy.registration][INFO] 2026-06-07 22:41:29,080: Registering with master node http://localhost:11311
[xmlrpc][INFO] 2026-06-07 22:41:29,080: xml rpc node: starting XML-RPC server
[rospy.init][INFO] 2026-06-07 22:41:29,179: registered with master
[rospy.rosout][INFO] 2026-06-07 22:41:29,180: initializing /rosout core topic
[rospy.rosout][INFO] 2026-06-07 22:41:29,185: connected to core topic /rosout
[rospy.simtime][INFO] 2026-06-07 22:41:29,186: /use_sim_time is not set, will not subscribe to simulated time [/clock] topic
[rospy.internal][INFO] 2026-06-07 22:41:29,449: topic[/rosout] adding connection to [/rosout], count 0
[snowboy][INFO] 2026-06-07 22:41:39,895: Keyword 1 detected at time: 2026-06-07 22:41:39
[rospy.internal][INFO] 2026-06-07 22:41:39,910: topic[/start_mission] adding connection to [/navigation_node], count 0
[rosout][INFO] 2026-06-07 22:41:39,998: 语音唤醒成功，已发布启动任务信号！
[rospy.core][INFO] 2026-06-07 22:41:40,089: signal_shutdown [已成功发布启动信号，关闭节点]
[rospy.internal][INFO] 2026-06-07 22:41:40,093: topic[/rosout] removing connection to /rosout
[rospy.internal][INFO] 2026-06-07 22:41:40,095: topic[/start_mission] removing connection to /navigation_node
[rospy.impl.masterslave][INFO] 2026-06-07 22:41:40,095: 已成功发布启动信号，关闭节点
[rospy.core][INFO] 2026-06-07 22:41:40,691: signal_shutdown [atexit]
