===== 2026-06-07 23:34:22 START 02_robot_with_imu =====
PWD=/home/abot/craic
CMD=roslaunch abot_bringup robot_with_imu.launch
WARNING: Package name "TTS_audio" does not follow the naming conventions. It should start with a lower case letter and only contain lower case letters, digits, underscores, and dashes.
WARNING: Package name "TTS_audio" does not follow the naming conventions. It should start with a lower case letter and only contain lower case letters, digits, underscores, and dashes.
warning: xacro.py is deprecated; please use xacro instead
WARNING: Package name "TTS_audio" does not follow the naming conventions. It should start with a lower case letter and only contain lower case letters, digits, underscores, and dashes.
[0m[ INFO] [1780846464.038077299]: port:/dev/abot buadrate:921600[0m
[0m[ INFO] [1780846464.046992913]: out_pid_debug_enable:0[0m
[0m[ INFO] [1780846464.049953663]: BaseDriver startup[0m
Transport main read/write started
[33m[ WARN] [1780846466.442337457]: Calibrating accelerometer and gyroscope, make sure robot is stationary and level.[0m
[33m[ WARN] [1780846474.320223519]: Still waiting for data on topic /imu/data_raw...[0m
[0m[ INFO] [1780846464.050773998]: connected to main board[0m
[0m[ INFO] [1780846466.050894972]: end sleep[0m
[0m[ INFO] [1780846466.067415196]: robot version:v1.0.2 build time:20180730-m0e0[0m
[0m[ INFO] [1780846466.079452889]: subscribe cmd topic on [cmd_vel][0m
[0m[ INFO] [1780846466.082107878]: advertise odom topic on [wheel_odom][0m
[0m[ INFO] [1780846466.113417231]: RobotParameters: 97 225 3960 10 320 2700 0 10 250 200 200 500 69[0m
[0m[ INFO] [1780846490.978411204]: cmd_vel:[0.25 0.1 0][0m
[0m[ INFO] [1780846490.994585436]: update_speed[0m
[0m[ INFO] [1780846491.091560915]: cmd_vel:[0.25 0.1 0][0m
[0m[ INFO] [1780846491.106346892]: update_speed[0m
[0m[ INFO] [1780846491.170199503]: cmd_vel:[0.25 0.1 0][0m
[0m[ INFO] [1780846491.186145834]: update_speed[0m
[0m[ INFO] [1780846491.282113819]: cmd_vel:[0.25 0.1 0][0m
[0m[ INFO] [1780846491.298360411]: update_speed[0m
[0m[ INFO] [1780846491.394881234]: cmd_vel:[0.25 0.1 0][0m
[0m[ INFO] [1780846491.409982971]: update_speed[0m
[0m[ INFO] [1780846491.474039157]: cmd_vel:[0.25 0.1 0][0m
[0m[ INFO] [1780846491.489901656]: update_speed[0m
[0m[ INFO] [1780846491.586033994]: cmd_vel:[0.25 0.1 0][0m
[0m[ INFO] [1780846491.601821014]: update_speed[0m
[0m[ INFO] [1780846491.697960302]: cmd_vel:[0.25 0.1 0][0m
[0m[ INFO] [1780846491.713909048]: update_speed[0m
[0m[ INFO] [1780846491.779777783]: cmd_vel:[0.25 0.1 0][0m
[0m[ INFO] [1780846491.794695581]: update_speed[0m
[0m[ INFO] [1780846491.890783874]: cmd_vel:[0.25 0.1 0][0m
[0m[ INFO] [1780846491.905571364]: update_speed[0m
[0m[ INFO] [1780846492.002306576]: cmd_vel:[0.25 0.1 0][0m
[0m[ INFO] [1780846492.017465643]: update_speed[0m
[0m[ INFO] [1780846492.082133886]: cmd_vel:[0.25 0.1 0][0m
[0m[ INFO] [1780846492.098636152]: update_speed[0m
[0m[ INFO] [1780846492.193449231]: cmd_vel:[0.25 0.1 0][0m
[0m[ INFO] [1780846492.209557388]: update_speed[0m
[0m[ INFO] [1780846492.401429165]: cmd_vel:[0 0 0][0m
[0m[ INFO] [1780846492.417148776]: update_speed[0m
[0m[ INFO] [1780846492.513623778]: cmd_vel:[0.012539 0.033804 0.753459][0m
[0m[ INFO] [1780846492.529199220]: update_speed[0m
[0m[ INFO] [1780846492.593096946]: cmd_vel:[0.00627861 0.0733009 0.63087][0m
[0m[ INFO] [1780846492.609050366]: update_speed[0m
[0m[ INFO] [1780846492.705078416]: cmd_vel:[0 0 0][0m
[0m[ INFO] [1780846492.722504356]: update_speed[0m
[0m[ INFO] [1780846492.817238442]: cmd_vel:[-0.103288 0.076379 1.01491][0m
[0m[ INFO] [1780846492.834067737]: update_speed[0m
[0m[ INFO] [1780846492.896846778]: cmd_vel:[-0.140048 0.0502941 1.07106][0m
[0m[ INFO] [1780846492.912830833]: update_speed[0m
[0m[ INFO] [1780846493.008779482]: cmd_vel:[-0.139987 0.0524562 1.09177][0m
[0m[ INFO] [1780846493.024761479]: update_speed[0m
[0m[ INFO] [1780846493.088673649]: cmd_vel:[-0.139884 0.035557 1.06144][0m
[0m[ INFO] [1780846493.104654177]: update_speed[0m
[0m[ INFO] [1780846493.202311353]: cmd_vel:[-0.141652 0.0304603 1.06112][0m
[0m[ INFO] [1780846493.216550535]: update_speed[0m
[0m[ INFO] [1780846493.312568524]: cmd_vel:[-0.139192 0.0440299 1.40546][0m
[0m[ INFO] [1780846493.328485206]: update_speed[0m
[0m[ INFO] [1780846493.392483935]: cmd_vel:[0.067774 -0.0270525 1.7366][0m
[0m[ INFO] [1780846493.408515650]: update_speed[0m
[0m[ INFO] [1780846493.505743009]: cmd_vel:[0.108861 -0.0590724 1.73641][0m
[0m[ INFO] [1780846493.520626298]: update_speed[0m
[0m[ INFO] [1780846493.616301496]: cmd_vel:[0.125581 -0.0729301 1.96315][0m
[0m[ INFO] [1780846493.632242550]: update_speed[0m
[0m[ INFO] [1780846493.696361772]: cmd_vel:[0.139173 -0.0408323 1.89248][0m
[0m[ INFO] [1780846493.712229730]: update_speed[0m
[0m[ INFO] [1780846493.808160187]: cmd_vel:[0.159983 -0.0365937 2.0398][0m
[0m[ INFO] [1780846493.824114987]: update_speed[0m
[0m[ INFO] [1780846493.920124265]: cmd_vel:[0.175771 -0.0362636 2.12142][0m
[0m[ INFO] [1780846493.939275558]: update_speed[0m
[0m[ INFO] [1780846494.000107953]: cmd_vel:[0.284038 0.18966 2.48826][0m
[0m[ INFO] [1780846494.016005251]: update_speed[0m
[0m[ INFO] [1780846494.111903474]: cmd_vel:[0.29582 0.198162 2.38805][0m
[0m[ INFO] [1780846494.127910281]: update_speed[0m
[0m[ INFO] [1780846494.193830584]: cmd_vel:[0.342323 0.2 2.31731][0m
[0m[ INFO] [1780846494.207835019]: update_speed[0m
[0m[ INFO] [1780846494.303768979]: cmd_vel:[0.338299 0.2 2.25715][0m
[0m[ INFO] [1780846494.319811616]: update_speed[0m
[0m[ INFO] [1780846494.415713713]: cmd_vel:[0.341111 0.2 1.96507][0m
[0m[ INFO] [1780846494.431811998]: update_speed[0m
[0m[ INFO] [1780846494.495656714]: cmd_vel:[0.341032 0.2 1.53249][0m
[0m[ INFO] [1780846494.511702453]: update_speed[0m
[0m[ INFO] [1780846494.608212608]: cmd_vel:[0.343386 0.2 1.96827][0m
[0m[ INFO] [1780846494.623878104]: update_speed[0m
[0m[ INFO] [1780846494.688801990]: cmd_vel:[0.342379 0.2 1.8424][0m
[0m[ INFO] [1780846494.703537035]: update_speed[0m
[0m[ INFO] [1780846494.799402445]: cmd_vel:[0.342594 0.2 1.55074][0m
[0m[ INFO] [1780846494.815438955]: update_speed[0m
[0m[ INFO] [1780846494.912425078]: cmd_vel:[0.347391 0.2 1.8158][0m
[0m[ INFO] [1780846494.928634733]: update_speed[0m
[0m[ INFO] [1780846494.991474872]: cmd_vel:[0.346301 0.2 1.7523][0m
[0m[ INFO] [1780846495.007196804]: update_speed[0m
[0m[ INFO] [1780846495.103167275]: cmd_vel:[0.345502 0.2 1.37691][0m
[0m[ INFO] [1780846495.119357178]: update_speed[0m
[0m[ INFO] [1780846495.216598922]: cmd_vel:[0.337681 0.175944 1.37396][0m
[0m[ INFO] [1780846495.231049499]: update_speed[0m
[0m[ INFO] [1780846495.295386417]: cmd_vel:[0.343098 0.171668 1.06083][0m
[0m[ INFO] [1780846495.310979161]: update_speed[0m
[0m[ INFO] [1780846495.408028354]: cmd_vel:[0.343098 0.158428 0.974572][0m
[0m[ INFO] [1780846495.423031305]: update_speed[0m
[0m[ INFO] [1780846495.486860293]: cmd_vel:[0.344482 0.0422446 1.33259][0m
[0m[ INFO] [1780846495.502817942]: update_speed[0m
[0m[ INFO] [1780846495.598987040]: cmd_vel:[0.344741 -0.00912545 1.26822][0m
[0m[ INFO] [1780846495.615850716]: update_speed[0m
[0m[ INFO] [1780846495.710905893]: cmd_vel:[0.326156 -0.13144 1.47186][0m
[0m[ INFO] [1780846495.726774118]: update_speed[0m
[0m[ INFO] [1780846495.790968676]: cmd_vel:[0.255557 -0.2 1.40639][0m
[0m[ INFO] [1780846495.806669185]: update_speed[0m
[0m[ INFO] [1780846495.902524619]: cmd_vel:[0.0594133 -0.161175 0.438168][0m
[0m[ INFO] [1780846495.918510324]: update_speed[0m
[0m[ INFO] [1780846496.018475570]: cmd_vel:[0.0119218 -0.145887 0.378275][0m
[0m[ INFO] [1780846496.030372806]: update_speed[0m
[0m[ INFO] [1780846496.126296054]: cmd_vel:[-0.0671693 -0.145095 0.273078][0m
[0m[ INFO] [1780846496.142232814]: update_speed[0m
[0m[ INFO] [1780846496.206287463]: cmd_vel:[-0.0585098 -0.0812995 0.154491][0m
[0m[ INFO] [1780846496.222328140]: update_speed[0m
[0m[ INFO] [1780846496.319950541]: cmd_vel:[-0.0583004 -0.0878632 0.0142143][0m
[0m[ INFO] [1780846496.334223630]: update_speed[0m
[0m[ INFO] [1780846496.430604393]: cmd_vel:[-0.0382358 -0.0620852 -0.100119][0m
[0m[ INFO] [1780846496.446113771]: update_speed[0m
[0m[ INFO] [1780846496.509946886]: cmd_vel:[0.0254718 -0.0495557 -0.146494][0m
[0m[ INFO] [1780846496.526043763]: update_speed[0m
[0m[ INFO] [1780846496.622267058]: cmd_vel:[0.0421242 -0.0745874 -0.205847][0m
[0m[ INFO] [1780846496.638183017]: update_speed[0m
[0m[ INFO] [1780846496.701793156]: cmd_vel:[0.225058 -0.199999 -0.516676][0m
[0m[ INFO] [1780846496.717785142]: update_speed[0m
[0m[ INFO] [1780846496.814720444]: cmd_vel:[0.231377 -0.199428 -0.598255][0m
[0m[ INFO] [1780846496.829681011]: update_speed[0m
[0m[ INFO] [1780846496.893703782]: cmd_vel:[0.239889 -0.167804 -0.666445][0m
[0m[ INFO] [1780846496.909657687]: update_speed[0m
[0m[ INFO] [1780846497.005611093]: cmd_vel:[0.220233 -0.139163 -0.752385][0m
[0m[ INFO] [1780846497.021583854]: update_speed[0m
[0m[ INFO] [1780846497.117515114]: cmd_vel:[0.150922 -0.0539079 -0.817251][0m
[0m[ INFO] [1780846497.133885973]: update_speed[0m
[0m[ INFO] [1780846497.197453903]: cmd_vel:[0.136276 -0.0117768 -0.874738][0m
[0m[ INFO] [1780846497.214585328]: update_speed[0m
[0m[ INFO] [1780846497.309711780]: cmd_vel:[0.176928 -0.0262594 -1.25401][0m
[0m[ INFO] [1780846497.326564467]: update_speed[0m
[0m[ INFO] [1780846497.421352113]: cmd_vel:[0.109663 0.00551836 -1.28494][0m
[0m[ INFO] [1780846497.437400313]: update_speed[0m
[0m[ INFO] [1780846497.501409124]: cmd_vel:[0.0906162 0.0398011 -1.35928][0m
[0m[ INFO] [1780846497.517710491]: update_speed[0m
[0m[ INFO] [1780846497.613288699]: cmd_vel:[0.070914 0.079753 -1.45141][0m
[0m[ INFO] [1780846497.629225184]: update_speed[0m
[0m[ INFO] [1780846497.695354681]: cmd_vel:[0.0864662 0.0841484 -1.63279][0m
[0m[ INFO] [1780846497.709217070]: update_speed[0m
[0m[ INFO] [1780846497.805879413]: cmd_vel:[0.0725183 0.140015 -1.57094][0m
[0m[ INFO] [1780846497.821066192]: update_speed[0m
[0m[ INFO] [1780846497.886032427]: cmd_vel:[0.163119 0.12925 -1.85689][0m
[0m[ INFO] [1780846497.900995000]: update_speed[0m
[0m[ INFO] [1780846497.997188208]: cmd_vel:[0.272548 0.0841116 -1.7845][0m
[0m[ INFO] [1780846498.012916759]: update_speed[0m
[0m[ INFO] [1780846498.109109285]: cmd_vel:[0.304641 0.0156251 -1.75197][0m
[0m[ INFO] [1780846498.125806110]: update_speed[0m
[0m[ INFO] [1780846498.189650267]: cmd_vel:[0.311868 0.00135977 -1.6056][0m
[0m[ INFO] [1780846498.204833392]: update_speed[0m
[0m[ INFO] [1780846498.300680494]: cmd_vel:[0.342417 -0.0406846 -1.57521][0m
[0m[ INFO] [1780846498.316623602]: update_speed[0m
[0m[ INFO] [1780846498.412926739]: cmd_vel:[0.341849 -0.0574831 -1.48901][0m
[0m[ INFO] [1780846498.430739513]: update_speed[0m
[0m[ INFO] [1780846498.492523867]: cmd_vel:[0.347367 -0.011631 -1.47245][0m
[0m[ INFO] [1780846498.508735026]: update_speed[0m
[0m[ INFO] [1780846498.604435067]: cmd_vel:[0.345361 0.0777189 -1.30879][0m
[0m[ INFO] [1780846498.620772128]: update_speed[0m
[0m[ INFO] [1780846498.716382794]: cmd_vel:[0.344354 0.170059 -1.10864][0m
[0m[ INFO] [1780846498.732909179]: update_speed[0m
[0m[ INFO] [1780846498.796593378]: cmd_vel:[0.34578 0.175169 -1.02822][0m
[0m[ INFO] [1780846498.812499651]: update_speed[0m
[0m[ INFO] [1780846498.908476483]: cmd_vel:[-0.0329912 0.00637555 -0.323604][0m
[0m[ INFO] [1780846498.924370402]: update_speed[0m
[0m[ INFO] [1780846499.020448762]: cmd_vel:[0.0613352 0.0469498 -0.483363][0m
[0m[ INFO] [1780846499.036620195]: update_speed[0m
[0m[ INFO] [1780846499.101056490]: cmd_vel:[0.0379178 -0.0347973 -0.438498][0m
[0m[ INFO] [1780846499.116195556]: update_speed[0m
[0m[ INFO] [1780846499.212347615]: cmd_vel:[0.0144586 -0.0276075 -0.346685][0m
[0m[ INFO] [1780846499.228069263]: update_speed[0m
[0m[ INFO] [1780846499.292224306]: cmd_vel:[-0.131438 -0.136657 0.0659932][0m
[0m[ INFO] [1780846499.308436219]: update_speed[0m
[0m[ INFO] [1780846499.403950674]: cmd_vel:[-0.145012 -0.167725 0.151703][0m
[0m[ INFO] [1780846499.419871821]: update_speed[0m
[0m[ INFO] [1780846499.517490868]: cmd_vel:[-0.140947 -0.160759 0.186069][0m
[0m[ INFO] [1780846499.534330632]: update_speed[0m
[0m[ INFO] [1780846499.601361850]: cmd_vel:[-0.142456 -0.118447 0.41879][0m
[0m[ INFO] [1780846499.612988130]: update_speed[0m
[0m[ INFO] [1780846499.708161028]: cmd_vel:[-0.135831 -0.0744999 0.465365][0m
[0m[ INFO] [1780846499.723679512]: update_speed[0m
[0m[ INFO] [1780846499.788676508]: cmd_vel:[-0.117207 -0.0508094 0.485633][0m
[0m[ INFO] [1780846499.809262741]: update_speed[0m
[0m[ INFO] [1780846499.899556886]: cmd_vel:[0.121022 0.199445 0.678351][0m
[0m[ INFO] [1780846499.915606285]: update_speed[0m
[0m[ INFO] [1780846500.011464420]: cmd_vel:[0.135251 0.2 0.567343][0m
[0m[ INFO] [1780846500.028555012]: update_speed[0m
[0m[ INFO] [1780846500.091490626]: cmd_vel:[0.162281 0.2 0.610081][0m
[0m[ INFO] [1780846500.107513161]: update_speed[0m
[0m[ INFO] [1780846500.203639643]: cmd_vel:[0.235815 0.2 0.633443][0m
[0m[ INFO] [1780846500.219416083]: update_speed[0m
[0m[ INFO] [1780846500.315534332]: cmd_vel:[0.235263 0.2 0.646149][0m
[0m[ INFO] [1780846500.331322424]: update_speed[0m
[0m[ INFO] [1780846500.395984750]: cmd_vel:[0.284758 0.193896 0.707984][0m
[0m[ INFO] [1780846500.411516370]: update_speed[0m
[0m[ INFO] [1780846500.509714289]: cmd_vel:[0.302432 0.163263 0.760271][0m
[0m[ INFO] [1780846500.523153060]: update_speed[0m
[0m[ INFO] [1780846500.619074856]: cmd_vel:[0.292972 0.139004 0.791451][0m
[0m[ INFO] [1780846500.636442472]: update_speed[0m
[0m[ INFO] [1780846500.699346298]: cmd_vel:[0.232941 0.0865035 0.78221][0m
[0m[ INFO] [1780846500.714919888]: update_speed[0m
[0m[ INFO] [1780846500.811982702]: cmd_vel:[0.306307 -0.0158029 1.3506][0m
[0m[ INFO] [1780846500.826890584]: update_speed[0m
[0m[ INFO] [1780846500.891109575]: cmd_vel:[0.269246 -0.0500831 1.3364][0m
[0m[ INFO] [1780846500.906777499]: update_speed[0m
[0m[ INFO] [1780846501.003770413]: cmd_vel:[0.235807 -0.14426 1.4493][0m
[0m[ INFO] [1780846501.018794424]: update_speed[0m
[0m[ INFO] [1780846501.089919468]: cmd_vel:[0.280172 -0.2 1.78333][0m
[0m[ INFO] [1780846501.098790927]: update_speed[0m
[0m[ INFO] [1780846501.197961484]: cmd_vel:[0.257891 -0.2 1.74713][0m
[0m[ INFO] [1780846501.213478386]: update_speed[0m
[0m[ INFO] [1780846501.306467822]: cmd_vel:[0.22052 -0.193492 1.86158][0m
[0m[ INFO] [1780846501.322479956]: update_speed[0m
[0m[ INFO] [1780846501.386639870]: cmd_vel:[0.110471 -0.169412 1.89477][0m
[0m[ INFO] [1780846501.402452343]: update_speed[0m
[0m[ INFO] [1780846501.498333209]: cmd_vel:[0.0937402 -0.152944 1.84456][0m
[0m[ INFO] [1780846501.514833166]: update_speed[0m
[0m[ INFO] [1780846501.610340964]: cmd_vel:[0.153717 -0.104524 2.50628][0m
[0m[ INFO] [1780846501.626293290]: update_speed[0m
[0m[ INFO] [1780846501.691681935]: cmd_vel:[0.126828 -0.10539 2.41828][0m
[0m[ INFO] [1780846501.707903927]: update_speed[0m
[0m[ INFO] [1780846501.802166948]: cmd_vel:[0.0715249 -0.0737298 2.40759][0m
[0m[ INFO] [1780846501.818098219]: update_speed[0m
[0m[ INFO] [1780846501.914428369]: cmd_vel:[0.113107 -0.0188129 2.45541][0m
[0m[ INFO] [1780846501.931224742]: update_speed[0m
[0m[ INFO] [1780846501.995610806]: cmd_vel:[0.0866503 0.023014 2.40055][0m
[0m[ INFO] [1780846502.010022446]: update_speed[0m
[0m[ INFO] [1780846502.106075204]: cmd_vel:[0.0846625 0.00409856 2.28908][0m
[0m[ INFO] [1780846502.122016772]: update_speed[0m
[0m[ INFO] [1780846502.189725236]: cmd_vel:[0.198818 -0.00262383 2.10758][0m
[0m[ INFO] [1780846502.201956322]: update_speed[0m
[0m[ INFO] [1780846502.298169156]: cmd_vel:[0.20374 -0.000286054 1.83029][0m
[0m[ INFO] [1780846502.313810853]: update_speed[0m
[0m[ INFO] [1780846502.410168354]: cmd_vel:[0.199956 -0.0183938 1.84992][0m
[0m[ INFO] [1780846502.425820254]: update_speed[0m
[0m[ INFO] [1780846502.490239624]: cmd_vel:[0.196702 -0.0448086 1.81757][0m
[0m[ INFO] [1780846502.505796091]: update_speed[0m
[0m[ INFO] [1780846502.603224828]: cmd_vel:[0.156573 -0.0730783 1.51932][0m
[0m[ INFO] [1780846502.617744486]: update_speed[0m
[0m[ INFO] [1780846502.717016059]: cmd_vel:[0.117092 -0.0634983 1.45086][0m
[0m[ INFO] [1780846502.729795224]: update_speed[0m
[0m[ INFO] [1780846502.793754512]: cmd_vel:[0.0140418 -0.0468709 1.39169][0m
[0m[ INFO] [1780846502.809520390]: update_speed[0m
[0m[ INFO] [1780846502.906018888]: cmd_vel:[0.0212412 -0.0405515 1.3522][0m
[0m[ INFO] [1780846502.922034908]: update_speed[0m
[0m[ INFO] [1780846502.986242485]: cmd_vel:[0 0 0][0m
[0m[ INFO] [1780846503.001479680]: update_speed[0m
[0m[ INFO] [1780846503.106580097]: cmd_vel:[0 0 0][0m
[0m[ INFO] [1780846503.113260941]: update_speed[0m
[0m[ INFO] [1780846512.898645245]: cmd_vel:[0 0 0][0m
[0m[ INFO] [1780846512.914601478]: update_speed[0m
[0m[ INFO] [1780846513.010518731]: cmd_vel:[-0.0129348 -0.00188803 -0.783711][0m
[0m[ INFO] [1780846513.026617856]: update_speed[0m
[0m[ INFO] [1780846513.122470688]: cmd_vel:[-0.0128788 -0.0018799 -0.787122][0m
[0m[ INFO] [1780846513.138473836]: update_speed[0m
[0m[ INFO] [1780846513.202423918]: cmd_vel:[-0.0143819 -0.00210916 -0.914149][0m
[0m[ INFO] [1780846513.218377041]: update_speed[0m
[0m[ INFO] [1780846513.316673911]: cmd_vel:[-0.0144802 -0.00217591 -0.929484][0m
[0m[ INFO] [1780846513.330941603]: update_speed[0m
[0m[ INFO] [1780846513.426295571]: cmd_vel:[-0.0154149 -0.0023688 -0.996582][0m
[0m[ INFO] [1780846513.442198484]: update_speed[0m
[0m[ INFO] [1780846513.506218322]: cmd_vel:[0.0145156 0.00270533 -1.23399][0m
[0m[ INFO] [1780846513.523315003]: update_speed[0m
[0m[ INFO] [1780846513.618106895]: cmd_vel:[0.0155961 0.00343761 -1.25513][0m
[0m[ INFO] [1780846513.634593333]: update_speed[0m
[0m[ INFO] [1780846513.698100919]: cmd_vel:[0.0173483 0.00441117 -1.33821][0m
[0m[ INFO] [1780846513.721636585]: update_speed[0m
[0m[ INFO] [1780846513.826764393]: cmd_vel:[0.0195822 0.00574484 -1.45453][0m
[0m[ INFO] [1780846513.841998611]: update_speed[0m
[0m[ INFO] [1780846513.906876096]: cmd_vel:[0.0221475 0.00784531 -1.50897][0m
[0m[ INFO] [1780846513.921984538]: update_speed[0m
[0m[ INFO] [1780846514.022375006]: cmd_vel:[0.0266069 0.0113136 -1.57547][0m
[0m[ INFO] [1780846514.033824207]: update_speed[0m
[0m[ INFO] [1780846514.130402417]: cmd_vel:[0.0279735 0.0302141 -2.0774][0m
[0m[ INFO] [1780846514.145807441]: update_speed[0m
[0m[ INFO] [1780846514.210037780]: cmd_vel:[-0.0243702 0.0603266 -2.03402][0m
[0m[ INFO] [1780846514.227154225]: update_speed[0m
[0m[ INFO] [1780846514.327230952]: cmd_vel:[-0.0689008 0.0399993 -2.03452][0m
[0m[ INFO] [1780846514.337746150]: update_speed[0m
[0m[ INFO] [1780846514.401806682]: cmd_vel:[-0.139534 0.0342339 -2.15687][0m
[0m[ INFO] [1780846514.418519165]: update_speed[0m
[0m[ INFO] [1780846514.513691862]: cmd_vel:[-0.135056 -0.131081 -2.19011][0m
[0m[ INFO] [1780846514.529434872]: update_speed[0m
[0m[ INFO] [1780846514.595827771]: cmd_vel:[-0.0792612 -0.170909 -2.42771][0m
[0m[ INFO] [1780846514.609378197]: update_speed[0m
[0m[ INFO] [1780846514.706310465]: cmd_vel:[0.0481657 -0.15605 -2.42022][0m
[0m[ INFO] [1780846514.727854394]: update_speed[0m
[0m[ INFO] [1780846514.801357245]: cmd_vel:[0.0822413 -0.171976 -2.20887][0m
[0m[ INFO] [1780846514.817260867]: update_speed[0m
[0m[ INFO] [1780846514.913673006]: cmd_vel:[0.141926 -0.2 -1.81727][0m
[0m[ INFO] [1780846514.930910500]: update_speed[0m
[0m[ INFO] [1780846514.998574669]: cmd_vel:[0.163144 -0.184036 -2.4283][0m
[0m[ INFO] [1780846515.009277385]: update_speed[0m
[0m[ INFO] [1780846515.105089986]: cmd_vel:[0.202031 -0.192791 -1.77931][0m
[0m[ INFO] [1780846515.127020864]: update_speed[0m
[0m[ INFO] [1780846515.219201857]: cmd_vel:[0.237358 -0.177788 -1.58147][0m
[0m[ INFO] [1780846515.233642885]: update_speed[0m
[0m[ INFO] [1780846515.297366656]: cmd_vel:[0.257383 -0.157558 -1.86827][0m
[0m[ INFO] [1780846515.313127750]: update_speed[0m
[0m[ INFO] [1780846515.409530250]: cmd_vel:[0.316575 -0.186881 -1.6062][0m
[0m[ INFO] [1780846515.426021132]: update_speed[0m
[0m[ INFO] [1780846515.520833169]: cmd_vel:[0.340673 -0.2 -1.35906][0m
[0m[ INFO] [1780846515.536841208]: update_speed[0m
[0m[ INFO] [1780846515.601057945]: cmd_vel:[0.339404 -0.176773 -1.40509][0m
[0m[ INFO] [1780846515.616750695]: update_speed[0m
[0m[ INFO] [1780846515.713750041]: cmd_vel:[0.341029 -0.2 -1.06322][0m
[0m[ INFO] [1780846515.729959089]: update_speed[0m
[0m[ INFO] [1780846515.799284950]: cmd_vel:[0.342532 -0.2 -0.882851][0m
[0m[ INFO] [1780846515.808653135]: update_speed[0m
[0m[ INFO] [1780846515.904641990]: cmd_vel:[0.341681 -0.2 -1.13596][0m
[0m[ INFO] [1780846515.920709869]: update_speed[0m
[0m[ INFO] [1780846516.016450757]: cmd_vel:[0.342357 -0.2 -1.05279][0m
[0m[ INFO] [1780846516.032648913]: update_speed[0m
[0m[ INFO] [1780846516.097492985]: cmd_vel:[0.343577 -0.2 -0.901468][0m
[0m[ INFO] [1780846516.112471361]: update_speed[0m
[0m[ INFO] [1780846516.208794780]: cmd_vel:[0.344917 -0.2 -0.456038][0m
[0m[ INFO] [1780846516.224484620]: update_speed[0m
[0m[ INFO] [1780846516.321032917]: cmd_vel:[0.344471 -0.2 -0.659403][0m
[0m[ INFO] [1780846516.336259208]: update_speed[0m
[0m[ INFO] [1780846516.403421168]: cmd_vel:[0.345229 -0.2 -0.2196][0m
[0m[ INFO] [1780846516.419618962]: update_speed[0m
[0m[ INFO] [1780846516.513635755]: cmd_vel:[0.347899 -0.194966 -0.134647][0m
[0m[ INFO] [1780846516.528057915]: update_speed[0m
[0m[ INFO] [1780846516.595083569]: cmd_vel:[0.345514 -0.196173 -0.131437][0m
[0m[ INFO] [1780846516.611772366]: update_speed[0m
[0m[ INFO] [1780846516.704265270]: cmd_vel:[0.35 -0.2 0.245583][0m
[0m[ INFO] [1780846516.719946973]: update_speed[0m
[0m[ INFO] [1780846516.816280913]: cmd_vel:[0.349303 -0.2 0.298775][0m
[0m[ INFO] [1780846516.832420348]: update_speed[0m
[0m[ INFO] [1780846516.896127132]: cmd_vel:[0.344511 -0.184946 0.403226][0m
[0m[ INFO] [1780846516.911887287]: update_speed[0m
[0m[ INFO] [1780846517.008196781]: cmd_vel:[0.118349 -0.0105709 -0.719668][0m
[0m[ INFO] [1780846517.024367687]: update_speed[0m
[0m[ INFO] [1780846517.120692337]: cmd_vel:[0.0737889 0.0142337 -0.854867][0m
[0m[ INFO] [1780846517.136485802]: update_speed[0m
[0m[ INFO] [1780846517.200010726]: cmd_vel:[0.0710571 0.00574642 -0.721825][0m
[0m[ INFO] [1780846517.215668466]: update_speed[0m
[0m[ INFO] [1780846517.312337995]: cmd_vel:[-0.0610491 0.0701178 -1.23804][0m
[0m[ INFO] [1780846517.327560345]: update_speed[0m
[0m[ INFO] [1780846517.423521528]: cmd_vel:[-0.0561336 0.0703367 -1.22192][0m
[0m[ INFO] [1780846517.439459947]: update_speed[0m
[0m[ INFO] [1780846517.505869918]: cmd_vel:[-0.0914489 0.0876826 -1.28338][0m
[0m[ INFO] [1780846517.519548524]: update_speed[0m
[0m[ INFO] [1780846517.615364153]: cmd_vel:[-0.14201 0.0701443 -1.43271][0m
[0m[ INFO] [1780846517.632012741]: update_speed[0m
[0m[ INFO] [1780846517.695937639]: cmd_vel:[-0.140873 0.057411 -1.41938][0m
[0m[ INFO] [1780846517.712109936]: update_speed[0m
[0m[ INFO] [1780846517.807915816]: cmd_vel:[-0.115677 0.0102615 -1.34569][0m
[0m[ INFO] [1780846517.823235834]: update_speed[0m
[0m[ INFO] [1780846517.919446786]: cmd_vel:[-0.0601379 0.00472881 -1.24873][0m
[0m[ INFO] [1780846517.935393307]: update_speed[0m
[0m[ INFO] [1780846517.999382005]: cmd_vel:[0.00656037 -0.0444784 -1.07901][0m
[0m[ INFO] [1780846518.015940854]: update_speed[0m
[0m[ INFO] [1780846518.111367304]: cmd_vel:[0.0704897 -0.12492 -0.835628][0m
[0m[ INFO] [1780846518.127106795]: update_speed[0m
[0m[ INFO] [1780846518.224517404]: cmd_vel:[0.0749918 -0.116782 -0.660334][0m
[0m[ INFO] [1780846518.239400695]: update_speed[0m
[0m[ INFO] [1780846518.302926162]: cmd_vel:[0.0882339 -0.114355 -0.527866][0m
[0m[ INFO] [1780846518.318836536]: update_speed[0m
[0m[ INFO] [1780846518.414835207]: cmd_vel:[0.170215 -0.0479882 -0.363123][0m
[0m[ INFO] [1780846518.430883249]: update_speed[0m
[0m[ INFO] [1780846518.527323719]: cmd_vel:[0.102496 0.0357505 -1.45888][0m
[0m[ INFO] [1780846518.544516743]: update_speed[0m
[0m[ INFO] [1780846518.607268557]: cmd_vel:[0.108743 0.0327414 -1.35207][0m
[0m[ INFO] [1780846518.624058052]: update_speed[0m
[0m[ INFO] [1780846518.721655258]: cmd_vel:[0.26525 -0.171742 -1.16781][0m
[0m[ INFO] [1780846518.735355295]: update_speed[0m
[0m[ INFO] [1780846518.833518548]: cmd_vel:[0.265972 -0.164812 -1.08117][0m
[0m[ INFO] [1780846518.846664775]: update_speed[0m
[0m[ INFO] [1780846518.912371407]: cmd_vel:[0.255192 -0.15174 -1.05062][0m
[0m[ INFO] [1780846518.928332022]: update_speed[0m
[0m[ INFO] [1780846519.022840176]: cmd_vel:[0.103387 -0.0381948 -0.24386][0m
[0m[ INFO] [1780846519.038503996]: update_speed[0m
[0m[ INFO] [1780846519.102660974]: cmd_vel:[0.0810346 -0.0212721 -0.191073][0m
[0m[ INFO] [1780846519.118381819]: update_speed[0m
[0m[ INFO] [1780846519.214623019]: cmd_vel:[0.0471372 -0.00724593 -0.228553][0m
[0m[ INFO] [1780846519.232700509]: update_speed[0m
[0m[ INFO] [1780846519.326519278]: cmd_vel:[0.13523 0.0371101 0.232589][0m
[0m[ INFO] [1780846519.342255672]: update_speed[0m
[0m[ INFO] [1780846519.406129097]: cmd_vel:[0.137946 0.0500493 0.244928][0m
[0m[ INFO] [1780846519.422134747]: update_speed[0m
[0m[ INFO] [1780846519.519357294]: cmd_vel:[0.14711 0.0497894 0.305495][0m
[0m[ INFO] [1780846519.536127013]: update_speed[0m
[0m[ INFO] [1780846519.597971284]: cmd_vel:[0.150342 0.0854056 0.381509][0m
[0m[ INFO] [1780846519.615224794]: update_speed[0m
[0m[ INFO] [1780846519.709930554]: cmd_vel:[0.163346 0.0915847 0.446312][0m
[0m[ INFO] [1780846519.726071654]: update_speed[0m
[0m[ INFO] [1780846519.822014701]: cmd_vel:[-0.0228942 0.0726408 0.894941][0m
[0m[ INFO] [1780846519.840558269]: update_speed[0m
[0m[ INFO] [1780846519.901768880]: cmd_vel:[-0.055859 0.0672557 0.854855][0m
[0m[ INFO] [1780846519.917776712]: update_speed[0m
[0m[ INFO] [1780846520.013759073]: cmd_vel:[0.000750233 0.0837299 0.850789][0m
[0m[ INFO] [1780846520.029650094]: update_speed[0m
[0m[ INFO] [1780846520.125651555]: cmd_vel:[0.00653036 0.0798394 0.833379][0m
[0m[ INFO] [1780846520.141695550]: update_speed[0m
[0m[ INFO] [1780846520.205749740]: cmd_vel:[0.0122025 0.0755742 0.832566][0m
[0m[ INFO] [1780846520.222374377]: update_speed[0m
[0m[ INFO] [1780846520.319375280]: cmd_vel:[0.246917 0.2 1.28437][0m
[0m[ INFO] [1780846520.333707092]: update_speed[0m
[0m[ INFO] [1780846520.429441513]: cmd_vel:[0.234781 0.149101 1.34785][0m
[0m[ INFO] [1780846520.445394557]: update_speed[0m
[0m[ INFO] [1780846520.509369273]: cmd_vel:[0.224156 0.108318 1.3326][0m
[0m[ INFO] [1780846520.525360165]: update_speed[0m
[0m[ INFO] [1780846520.621328362]: cmd_vel:[0.219979 0.0721335 1.41582][0m
[0m[ INFO] [1780846520.637331243]: update_speed[0m
[0m[ INFO] [1780846520.701211408]: cmd_vel:[0 0 0][0m
[0m[ INFO] [1780846520.717692257]: update_speed[0m
[0m[ INFO] [1780846520.813124478]: cmd_vel:[0.330461 -0.0462613 1.98376][0m
[0m[ INFO] [1780846520.829073697]: update_speed[0m
[0m[ INFO] [1780846520.925975490]: cmd_vel:[0.248561 -0.099063 1.94996][0m
[0m[ INFO] [1780846520.940965341]: update_speed[0m
[0m[ INFO] [1780846521.008721917]: cmd_vel:[0.179714 -0.114038 1.62816][0m
[0m[ INFO] [1780846521.022608569]: update_speed[0m
[0m[ INFO] [1780846521.116920666]: cmd_vel:[0.164588 -0.182488 1.92757][0m
[0m[ INFO] [1780846521.132851512]: update_speed[0m
[0m[ INFO] [1780846521.228830946]: cmd_vel:[0.0995692 -0.183443 2.0987][0m
[0m[ INFO] [1780846521.244835120]: update_speed[0m
[0m[ INFO] [1780846521.308812513]: cmd_vel:[0.05715 -0.165278 1.9867][0m
[0m[ INFO] [1780846521.324854662]: update_speed[0m
[0m[ INFO] [1780846521.422674765]: cmd_vel:[0.0225521 -0.123961 1.97582][0m
[0m[ INFO] [1780846521.436709602]: update_speed[0m
[0m[ INFO] [1780846521.500738818]: cmd_vel:[0.136399 -0.128769 2.19072][0m
[0m[ INFO] [1780846521.516708871]: update_speed[0m
[0m[ INFO] [1780846521.613468241]: cmd_vel:[0.0971401 -0.102912 2.26401][0m
[0m[ INFO] [1780846521.628804693]: update_speed[0m
[0m[ INFO] [1780846521.724565600]: cmd_vel:[0.0587612 -0.155167 2.30798][0m
[0m[ INFO] [1780846521.741086673]: update_speed[0m
[0m[ INFO] [1780846521.804566981]: cmd_vel:[0.0176441 -0.128264 2.25686][0m
[0m[ INFO] [1780846521.823260641]: update_speed[0m
[0m[ INFO] [1780846521.916532737]: cmd_vel:[-0.0240821 -0.0908567 2.18018][0m
[0m[ INFO] [1780846521.932473133]: update_speed[0m
[0m[ INFO] [1780846521.996825786]: cmd_vel:[0.0271167 -0.0813291 2.18186][0m
[0m[ INFO] [1780846522.017040374]: update_speed[0m
[0m[ INFO] [1780846522.108239763]: cmd_vel:[0.00934591 -0.0620483 2.10839][0m
[0m[ INFO] [1780846522.124294762]: update_speed[0m
[0m[ INFO] [1780846522.220776553]: cmd_vel:[0.249669 0.176103 2.17367][0m
[0m[ INFO] [1780846522.236196197]: update_speed[0m
[0m[ INFO] [1780846522.300511117]: cmd_vel:[0.242889 0.159947 2.07196][0m
[0m[ INFO] [1780846522.316151676]: update_speed[0m
[0m[ INFO] [1780846522.412067328]: cmd_vel:[0.242081 0.140236 1.92919][0m
[0m[ INFO] [1780846522.428005763]: update_speed[0m
[0m[ INFO] [1780846522.524020639]: cmd_vel:[0.237643 0.117588 1.58556][0m
[0m[ INFO] [1780846522.540074745]: update_speed[0m
[0m[ INFO] [1780846522.603969473]: cmd_vel:[0.191389 0.0678173 1.70049][0m
[0m[ INFO] [1780846522.621435994]: update_speed[0m
[0m[ INFO] [1780846522.715912812]: cmd_vel:[0.162272 -0.017653 1.52582][0m
[0m[ INFO] [1780846522.731823151]: update_speed[0m
[0m[ INFO] [1780846522.796080690]: cmd_vel:[0.216366 -0.120596 1.43071][0m
[0m[ INFO] [1780846522.811889582]: update_speed[0m
[0m[ INFO] [1780846522.907890109]: cmd_vel:[0.154744 -0.169392 1.25456][0m
[0m[ INFO] [1780846522.923663402]: update_speed[0m
[0m[ INFO] [1780846523.019654915]: cmd_vel:[0.0851266 -0.181595 1.08141][0m
[0m[ INFO] [1780846523.037346414]: update_speed[0m
[0m[ INFO] [1780846523.100209782]: cmd_vel:[0.0180861 -0.2 0.986686][0m
[0m[ INFO] [1780846523.120591841]: update_speed[0m
[0m[ INFO] [1780846523.211496109]: cmd_vel:[0.143748 -0.2 0.880889][0m
[0m[ INFO] [1780846523.227457320]: update_speed[0m
[0m[ INFO] [1780846523.293627832]: cmd_vel:[0.0722755 -0.2 0.664109][0m
[0m[ INFO] [1780846523.307553789]: update_speed[0m
[0m[ INFO] [1780846523.403365916]: cmd_vel:[0.0751786 -0.2 0.552282][0m
[0m[ INFO] [1780846523.419323519]: update_speed[0m
[0m[ INFO] [1780846523.515287868]: cmd_vel:[0.149578 -0.2 0.487926][0m
[0m[ INFO] [1780846523.533124697]: update_speed[0m
[0m[ INFO] [1780846523.595565587]: cmd_vel:[0 0 0][0m
[0m[ INFO] [1780846523.611537785]: update_speed[0m
[0m[ INFO] [1780846523.707149415]: cmd_vel:[0.317268 -0.2 -0.0236217][0m
[0m[ INFO] [1780846523.723819716]: update_speed[0m
[0m[ INFO] [1780846523.819057593]: cmd_vel:[0.327996 -0.2 -0.0567594][0m
[0m[ INFO] [1780846523.836515318]: update_speed[0m
[0m[ INFO] [1780846523.899030571]: cmd_vel:[0.30625 -0.2 -0.150119][0m
[0m[ INFO] [1780846523.916643125]: update_speed[0m
[0m[ INFO] [1780846524.011000627]: cmd_vel:[0.345974 -0.2 -0.442347][0m
[0m[ INFO] [1780846524.026945181]: update_speed[0m
[0m[ INFO] [1780846524.123930303]: cmd_vel:[0.346935 -0.2 -0.454843][0m
[0m[ INFO] [1780846524.139569988]: update_speed[0m
[0m[ INFO] [1780846524.203097115]: cmd_vel:[0.342239 -0.2 -0.470178][0m
[0m[ INFO] [1780846524.218856762]: update_speed[0m
[0m[ INFO] [1780846524.315058863]: cmd_vel:[0.345741 -0.2 -0.810134][0m
[0m[ INFO] [1780846524.330784216]: update_speed[0m
[0m[ INFO] [1780846524.394725974]: cmd_vel:[0.343306 -0.2 -0.888054][0m
[0m[ INFO] [1780846524.410823559]: update_speed[0m
[0m[ INFO] [1780846524.507867003]: cmd_vel:[0.342748 -0.2 -0.903703][0m
[0m[ INFO] [1780846524.522602094]: update_speed[0m
[0m[ INFO] [1780846524.618624201]: cmd_vel:[0.342494 -0.2 -0.917632][0m
[0m[ INFO] [1780846524.634563339]: update_speed[0m
[0m[ INFO] [1780846524.698613521]: cmd_vel:[0.34651 -0.2 -1.22734][0m
[0m[ INFO] [1780846524.714548321]: update_speed[0m
[0m[ INFO] [1780846524.811849290]: cmd_vel:[0.343022 -0.2 -1.21975][0m
[0m[ INFO] [1780846524.826430785]: update_speed[0m
[0m[ INFO] [1780846524.923024019]: cmd_vel:[0.339577 -0.2 -1.12768][0m
[0m[ INFO] [1780846524.939327745]: update_speed[0m
[0m[ INFO] [1780846525.015438565]: cmd_vel:[0.343625 -0.180325 -1.17281][0m
[0m[ INFO] [1780846525.037589102]: update_speed[0m
[0m[ INFO] [1780846525.098182430]: cmd_vel:[0.0642381 0.0112544 -1.5489][0m
[0m[ INFO] [1780846525.114131362]: update_speed[0m
[0m[ INFO] [1780846525.210145951]: cmd_vel:[0.0503679 -0.2 -1.63453][0m
[0m[ INFO] [1780846525.226148423]: update_speed[0m
[0m[ INFO] [1780846525.322041902]: cmd_vel:[0.061842 -0.2 -1.60003][0m
[0m[ INFO] [1780846525.338067093]: update_speed[0m
[0m[ INFO] [1780846525.403900910]: cmd_vel:[-0.0326228 -0.172081 -1.73852][0m
[0m[ INFO] [1780846525.417955233]: update_speed[0m
[0m[ INFO] [1780846525.514304503]: cmd_vel:[-0.0715595 -0.114642 -1.67364][0m
[0m[ INFO] [1780846525.529879465]: update_speed[0m
[0m[ INFO] [1780846525.626743470]: cmd_vel:[-0.0637969 -0.127942 -1.64908][0m
[0m[ INFO] [1780846525.641916424]: update_speed[0m
[0m[ INFO] [1780846525.737783248]: cmd_vel:[-0.0768705 -0.0686557 -1.7091][0m
[0m[ INFO] [1780846525.753751134]: update_speed[0m
[0m[ INFO] [1780846525.817749657]: cmd_vel:[-0.140727 -0.197643 -2.1514][0m
[0m[ INFO] [1780846525.833897992]: update_speed[0m
[0m[ INFO] [1780846525.932185315]: cmd_vel:[-0.149409 -0.186488 -2.1038][0m
[0m[ INFO] [1780846525.949395826]: update_speed[0m
[0m[ INFO] [1780846526.019091699]: cmd_vel:[-0.134464 -0.181615 -2.04762][0m
[0m[ INFO] [1780846526.026163745]: update_speed[0m
[0m[ INFO] [1780846526.124151110]: cmd_vel:[-0.124116 -0.116701 -1.92683][0m
[0m[ INFO] [1780846526.137887948]: update_speed[0m
[0m[ INFO] [1780846526.201848311]: cmd_vel:[-0.138962 -0.109046 -1.92261][0m
[0m[ INFO] [1780846526.218158345]: update_speed[0m
[0m[ INFO] [1780846526.313745402]: cmd_vel:[-0.11215 -0.0958991 -1.86383][0m
[0m[ INFO] [1780846526.329594264]: update_speed[0m
[0m[ INFO] [1780846526.425282320]: cmd_vel:[-0.104094 0.133873 -1.74144][0m
[0m[ INFO] [1780846526.441245789]: update_speed[0m
[0m[ INFO] [1780846526.505284728]: cmd_vel:[-0.115011 0.147627 -1.68938][0m
[0m[ INFO] [1780846526.521634314]: update_speed[0m
[0m[ INFO] [1780846526.617159095]: cmd_vel:[-0.113222 0.152885 -1.59563][0m
[0m[ INFO] [1780846526.633191582]: update_speed[0m
[0m[ INFO] [1780846526.729335235]: cmd_vel:[-0.0877495 0.143408 -1.46264][0m
[0m[ INFO] [1780846526.745011057]: update_speed[0m
[0m[ INFO] [1780846526.809916005]: cmd_vel:[0.0178826 0.0986983 -1.125][0m
[0m[ INFO] [1780846526.827624512]: update_speed[0m
[0m[ INFO] [1780846526.921043326]: cmd_vel:[0.0700158 0.0820604 -0.954094][0m
[0m[ INFO] [1780846526.937471916]: update_speed[0m
[0m[ INFO] [1780846527.035632979]: cmd_vel:[0.115284 0.0916472 -0.829352][0m
[0m[ INFO] [1780846527.048861483]: update_speed[0m
[0m[ INFO] [1780846527.113098076]: cmd_vel:[0.139701 0.059688 -0.694443][0m
[0m[ INFO] [1780846527.129085625]: update_speed[0m
[0m[ INFO] [1780846527.226329015]: cmd_vel:[0.158302 -0.027742 -0.532894][0m
[0m[ INFO] [1780846527.240751547]: update_speed[0m
[0m[ INFO] [1780846527.336952352]: cmd_vel:[0.170098 -0.090692 -0.443049][0m
[0m[ INFO] [1780846527.353167824]: update_speed[0m
[0m[ INFO] [1780846527.416867507]: cmd_vel:[0.197085 -0.090155 -0.362379][0m
[0m[ INFO] [1780846527.432579441]: update_speed[0m
[0m[ INFO] [1780846527.528901989]: cmd_vel:[0.195957 -0.0711684 -0.229724][0m
[0m[ INFO] [1780846527.544573027]: update_speed[0m
[0m[ INFO] [1780846527.608901616]: cmd_vel:[0.174888 -0.063914 -0.148726][0m
[0m[ INFO] [1780846527.627066293]: update_speed[0m
[0m[ INFO] [1780846527.720638753]: cmd_vel:[0.173814 -0.00532801 -0.0111838][0m
[0m[ INFO] [1780846527.736715030]: update_speed[0m
[0m[ INFO] [1780846527.832397206]: cmd_vel:[0.171122 0.0434598 0.0735578][0m
[0m[ INFO] [1780846527.848302064]: update_speed[0m
[0m[ INFO] [1780846527.912233086]: cmd_vel:[0.157203 0.0779645 0.145454][0m
[0m[ INFO] [1780846527.929502322]: update_speed[0m
[0m[ INFO] [1780846528.024166883]: cmd_vel:[0.323934 0.2 0.453674][0m
[0m[ INFO] [1780846528.040115312]: update_speed[0m
[0m[ INFO] [1780846528.104109130]: cmd_vel:[0.279666 0.2 0.518528][0m
[0m[ INFO] [1780846528.120121440]: update_speed[0m
[0m[ INFO] [1780846528.216099223]: cmd_vel:[0.232942 0.2 0.584832][0m
[0m[ INFO] [1780846528.232079368]: update_speed[0m
[0m[ INFO] [1780846528.299418419]: cmd_vel:[0 0 0][0m
[0m[ INFO] [1780846528.312013595]: update_speed[0m
[0m[ INFO] [1780846528.408034187]: cmd_vel:[0.335288 0.2 0.928928][0m
[0m[ INFO] [1780846528.423870189]: update_speed[0m
[0m[ INFO] [1780846528.519851151]: cmd_vel:[0.333445 0.2 0.850793][0m
[0m[ INFO] [1780846528.535796343]: update_speed[0m
[0m[ INFO] [1780846528.599993156]: cmd_vel:[0.306381 0.2 0.833453][0m
[0m[ INFO] [1780846528.615799672]: update_speed[0m
[0m[ INFO] [1780846528.713423711]: cmd_vel:[0.28245 0.182874 0.935975][0m
[0m[ INFO] [1780846528.727666970]: update_speed[0m
[0m[ INFO] [1780846528.791891366]: cmd_vel:[0.200368 0.140514 1.07098][0m
[0m[ INFO] [1780846528.807663505]: update_speed[0m
[0m[ INFO] [1780846528.903538531]: cmd_vel:[0.214073 0.193426 1.15117][0m
[0m[ INFO] [1780846528.919443941]: update_speed[0m
[0m[ INFO] [1780846529.015440107]: cmd_vel:[0.162655 0.172724 1.18022][0m
[0m[ INFO] [1780846529.038409779]: update_speed[0m
[0m[ INFO] [1780846529.113014406]: cmd_vel:[0.099804 0.0992421 1.22468][0m
[0m[ INFO] [1780846529.127288554]: update_speed[0m
[0m[ INFO] [1780846529.191300991]: cmd_vel:[0.0783998 0.0939015 1.61024][0m
[0m[ INFO] [1780846529.207254069]: update_speed[0m
[0m[ INFO] [1780846529.305662972]: cmd_vel:[0 0 0][0m
[0m[ INFO] [1780846529.319775644]: update_speed[0m
[0m[ INFO] [1780846529.415302699]: cmd_vel:[0 0 0][0m
[0m[ INFO] [1780846529.431466994]: update_speed[0m
[0m[ INFO] [1780846529.495099666]: cmd_vel:[0 0 0][0m
[0m[ INFO] [1780846529.511957829]: update_speed[0m
[0m[ INFO] [1780846529.607241538]: cmd_vel:[0.021391 0.19982 -0.413315][0m
[0m[ INFO] [1780846529.623827747]: update_speed[0m
[0m[ INFO] [1780846529.721627437]: cmd_vel:[0.022789 0.196973 -0.424024][0m
[0m[ INFO] [1780846529.734942924]: update_speed[0m
[0m[ INFO] [1780846529.800323079]: cmd_vel:[0.00306453 0.187776 -0.534156][0m
[0m[ INFO] [1780846529.814839407]: update_speed[0m
[0m[ INFO] [1780846529.911059951]: cmd_vel:[0.0101657 0.149628 -0.645895][0m
[0m[ INFO] [1780846529.927099419]: update_speed[0m
[0m[ INFO] [1780846530.022723500]: cmd_vel:[0.00958812 0.147616 -0.65939][0m
[0m[ INFO] [1780846530.039625860]: update_speed[0m
[0m[ INFO] [1780846530.105745959]: cmd_vel:[-0.00849973 0.0903281 -1.07381][0m
[0m[ INFO] [1780846530.118717835]: update_speed[0m
[0m[ INFO] [1780846530.215272996]: cmd_vel:[-0.020908 0.194712 -1.02248][0m
[0m[ INFO] [1780846530.231513027]: update_speed[0m
[0m[ INFO] [1780846530.326498960]: cmd_vel:[-0.0269333 0.2 -1.00258][0m
[0m[ INFO] [1780846530.349769007]: update_speed[0m
[0m[ INFO] [1780846530.393774495]: cmd_vel:[-0.0772209 0.182393 -1.14097][0m
[0m[ INFO] [1780846530.407103426]: update_speed[0m
[0m[ INFO] [1780846530.518915574]: cmd_vel:[-0.0794956 0.133099 -1.20939][0m
[0m[ INFO] [1780846530.534380752]: update_speed[0m
[0m[ INFO] [1780846530.598597231]: cmd_vel:[-0.10764 0.0907463 -1.07107][0m
[0m[ INFO] [1780846530.614269861]: update_speed[0m
[0m[ INFO] [1780846530.710213778]: cmd_vel:[-0.0859454 0.0164523 -1.01339][0m
[0m[ INFO] [1780846530.727185693]: update_speed[0m
[0m[ INFO] [1780846530.822156031]: cmd_vel:[0.142358 -0.0658653 -0.465438][0m
[0m[ INFO] [1780846530.838483923]: update_speed[0m
[0m[ INFO] [1780846530.902118053]: cmd_vel:[0.132536 -0.0960324 -0.342296][0m
[0m[ INFO] [1780846530.918105377]: update_speed[0m
[0m[ INFO] [1780846531.014092792]: cmd_vel:[0.138018 -0.139634 -0.273402][0m
[0m[ INFO] [1780846531.030200110]: update_speed[0m
[0m[ INFO] [1780846531.094014187]: cmd_vel:[0.157311 -0.16808 -0.176834][0m
[0m[ INFO] [1780846531.110296232]: update_speed[0m
[0m[ INFO] [1780846531.208321102]: cmd_vel:[0 0 0][0m
[0m[ INFO] [1780846531.225215432]: update_speed[0m
[0m[ INFO] [1780846531.317884947]: cmd_vel:[-0.0693951 0.0701523 -1.09199][0m
[0m[ INFO] [1780846531.333879851]: update_speed[0m
[0m[ INFO] [1780846531.397855322]: cmd_vel:[-0.10831 0.0606724 -1.0366][0m
[0m[ INFO] [1780846531.414230781]: update_speed[0m
[0m[ INFO] [1780846531.509874639]: cmd_vel:[-0.142997 0.106131 -1.11789][0m
[0m[ INFO] [1780846531.525722864]: update_speed[0m
[0m[ INFO] [1780846531.597252354]: cmd_vel:[-0.142377 0.0897602 -1.18013][0m
[0m[ INFO] [1780846531.605751815]: update_speed[0m
[0m[ INFO] [1780846531.705621552]: cmd_vel:[-0.141314 0.0722011 -1.14671][0m
[0m[ INFO] [1780846531.719587299]: update_speed[0m
[0m[ INFO] [1780846531.813881518]: cmd_vel:[-0.129273 0.064597 -1.73548][0m
[0m[ INFO] [1780846531.829456620]: update_speed[0m
[0m[ INFO] [1780846531.925444396]: cmd_vel:[-0.113185 0.0615275 -1.77063][0m
[0m[ INFO] [1780846531.941706378]: update_speed[0m
[0m[ INFO] [1780846532.005391564]: cmd_vel:[-0.106398 0.0513935 -1.73749][0m
[0m[ INFO] [1780846532.021294968]: update_speed[0m
[0m[ INFO] [1780846532.117232037]: cmd_vel:[-0.0636558 0.0430751 -1.87144][0m
[0m[ INFO] [1780846532.133209773]: update_speed[0m
[0m[ INFO] [1780846532.197147762]: cmd_vel:[0.0973566 -0.13485 -2.1381][0m
[0m[ INFO] [1780846532.213126961]: update_speed[0m
[0m[ INFO] [1780846532.309080007]: cmd_vel:[0.147447 -0.155656 -1.92106][0m
[0m[ INFO] [1780846532.326054097]: update_speed[0m
[0m[ INFO] [1780846532.426768854]: cmd_vel:[0.178792 -0.170771 -1.82777][0m
[0m[ INFO] [1780846532.436979619]: update_speed[0m
[0m[ INFO] [1780846532.500863036]: cmd_vel:[0.210579 -0.164023 -1.55895][0m
[0m[ INFO] [1780846532.516810258]: update_speed[0m
[0m[ INFO] [1780846532.612799843]: cmd_vel:[0.236635 -0.156676 -1.44832][0m
[0m[ INFO] [1780846532.628726306]: update_speed[0m
[0m[ INFO] [1780846532.725048949]: cmd_vel:[0.260994 -0.114605 -1.30919][0m
[0m[ INFO] [1780846532.741209247]: update_speed[0m
[0m[ INFO] [1780846532.804607991]: cmd_vel:[0.246056 -0.0654366 -1.17334][0m
[0m[ INFO] [1780846532.825635510]: update_speed[0m
[0m[ INFO] [1780846532.916621827]: cmd_vel:[0.30325 0.0109583 -0.873934][0m
[0m[ INFO] [1780846532.932539141]: update_speed[0m
[0m[ INFO] [1780846532.996487313]: cmd_vel:[0.22438 0.0753001 -0.701153][0m
[0m[ INFO] [1780846533.012439398]: update_speed[0m
[0m[ INFO] [1780846533.108436806]: cmd_vel:[0.16309 0.122511 -0.58818][0m
[0m[ INFO] [1780846533.124414215]: update_speed[0m
[0m[ INFO] [1780846533.220319950]: cmd_vel:[0.122977 0.136932 -0.490584][0m
[0m[ INFO] [1780846533.236269504]: update_speed[0m
[0m[ INFO] [1780846533.332258637]: cmd_vel:[0.0581673 0.142107 -0.368233][0m
[0m[ INFO] [1780846533.352677481]: update_speed[0m
[0m[ INFO] [1780846533.413652491]: cmd_vel:[0.000684663 0.159171 -0.250851][0m
[0m[ INFO] [1780846533.431989365]: update_speed[0m
[0m[ INFO] [1780846533.524968504]: cmd_vel:[-0.0533662 0.139873 -0.13427][0m
[0m[ INFO] [1780846533.540057195]: update_speed[0m
[0m[ INFO] [1780846533.604065535]: cmd_vel:[-0.0679925 0.125195 0.00372052][0m
[0m[ INFO] [1780846533.620361040]: update_speed[0m
[0m[ INFO] [1780846533.716521360]: cmd_vel:[-0.0826001 0.0419695 0.109017][0m
[0m[ INFO] [1780846533.732747216]: update_speed[0m
[0m[ INFO] [1780846533.797094674]: cmd_vel:[-0.102643 0.0543918 0.187938][0m
[0m[ INFO] [1780846533.811843646]: update_speed[0m
[0m[ INFO] [1780846533.907813546]: cmd_vel:[-0.0716444 -0.0041587 0.275054][0m
[0m[ INFO] [1780846533.923743439]: update_speed[0m
[0m[ INFO] [1780846534.024520991]: cmd_vel:[-0.079726 -0.0371731 0.359418][0m
[0m[ INFO] [1780846534.037076868]: update_speed[0m
[0m[ INFO] [1780846534.101770798]: cmd_vel:[-0.0704663 -0.0303105 0.474036][0m
[0m[ INFO] [1780846534.115661174]: update_speed[0m
[0m[ INFO] [1780846534.211576380]: cmd_vel:[-0.0342935 -0.0687694 0.520483][0m
[0m[ INFO] [1780846534.228785585]: update_speed[0m
[0m[ INFO] [1780846534.293442388]: cmd_vel:[-0.0387138 -0.0658989 0.602712][0m
[0m[ INFO] [1780846534.308012547]: update_speed[0m
[0m[ INFO] [1780846534.404422628]: cmd_vel:[0.0200506 -0.070023 0.683372][0m
[0m[ INFO] [1780846534.421397510]: update_speed[0m
[0m[ INFO] [1780846534.515299689]: cmd_vel:[0.0594552 0.00329208 1.01113][0m
[0m[ INFO] [1780846534.531281044]: update_speed[0m
[0m[ INFO] [1780846534.595309557]: cmd_vel:[0.0608307 0.00488421 1.10558][0m
[0m[ INFO] [1780846534.611298349]: update_speed[0m
[0m[ INFO] [1780846534.707204901]: cmd_vel:[0.0751368 0.0419157 1.18892][0m
[0m[ INFO] [1780846534.723156843]: update_speed[0m
[0m[ INFO] [1780846534.819177718]: cmd_vel:[0.0859933 0.0459038 1.27358][0m
[0m[ INFO] [1780846534.841750916]: update_speed[0m
[0m[ INFO] [1780846534.915101357]: cmd_vel:[0.0990989 0.0513753 1.33984][0m
[0m[ INFO] [1780846534.940354952]: update_speed[0m
[0m[ INFO] [1780846535.010978817]: cmd_vel:[0.116463 0.0559186 1.39191][0m
[0m[ INFO] [1780846535.026928546]: update_speed[0m
[0m[ INFO] [1780846535.123637686]: cmd_vel:[0.0963434 0.00600607 1.42823][0m
[0m[ INFO] [1780846535.147756916]: update_speed[0m
[0m[ INFO] [1780846535.218831335]: cmd_vel:[0.140392 0.1107 1.85499][0m
[0m[ INFO] [1780846535.243429302]: update_speed[0m
[0m[ INFO] [1780846535.315015916]: cmd_vel:[0.134883 0.117472 1.88695][0m
[0m[ INFO] [1780846535.330899925]: update_speed[0m
[0m[ INFO] [1780846535.394959171]: cmd_vel:[0.121114 0.0999466 1.88982][0m
[0m[ INFO] [1780846535.410794140]: update_speed[0m
[0m[ INFO] [1780846535.508783999]: cmd_vel:[0.103044 0.0817529 1.96001][0m
[0m[ INFO] [1780846535.523420969]: update_speed[0m
[0m[ INFO] [1780846535.619073235]: cmd_vel:[0.00157677 -0.2 2.4651][0m
[0m[ INFO] [1780846535.639925373]: update_speed[0m
[0m[ INFO] [1780846535.698577108]: cmd_vel:[-0.0505287 -0.199999 2.45425][0m
[0m[ INFO] [1780846535.714577636]: update_speed[0m
[0m[ INFO] [1780846535.813605504]: cmd_vel:[-0.0655011 -0.19689 2.41774][0m
[0m[ INFO] [1780846535.828021930]: update_speed[0m
[0m[ INFO] [1780846535.924188465]: cmd_vel:[-0.12644 -0.176389 2.36572][0m
[0m[ INFO] [1780846535.938361881]: update_speed[0m
[0m[ INFO] [1780846536.004135487]: cmd_vel:[-0.137513 -0.142736 2.34994][0m
[0m[ INFO] [1780846536.018436644]: update_speed[0m
[0m[ INFO] [1780846536.114294277]: cmd_vel:[-0.12721 -0.137171 2.2269][0m
[0m[ INFO] [1780846536.130224163]: update_speed[0m
[0m[ INFO] [1780846536.194229030]: cmd_vel:[-0.108749 -0.0503075 1.78859][0m
[0m[ INFO] [1780846536.212126286]: update_speed[0m
[0m[ INFO] [1780846536.306101166]: cmd_vel:[-0.1355 0.0826682 1.83574][0m
[0m[ INFO] [1780846536.322529517]: update_speed[0m
[0m[ INFO] [1780846536.418049313]: cmd_vel:[-0.0861921 0.0559976 1.45141][0m
[0m[ INFO] [1780846536.434046420]: update_speed[0m
[0m[ INFO] [1780846536.497961049]: cmd_vel:[-0.0525713 0.0835489 1.32005][0m
[0m[ INFO] [1780846536.514174236]: update_speed[0m
[0m[ INFO] [1780846536.610356522]: cmd_vel:[0.0555666 0.131309 1.28772][0m
[0m[ INFO] [1780846536.625826163]: update_speed[0m
[0m[ INFO] [1780846536.691306252]: cmd_vel:[0.0655912 0.149164 1.4419][0m
[0m[ INFO] [1780846536.705771349]: update_speed[0m
[0m[ INFO] [1780846536.802115871]: cmd_vel:[0.0752906 0.105249 1.34607][0m
[0m[ INFO] [1780846536.817723795]: update_speed[0m
[0m[ INFO] [1780846536.914441916]: cmd_vel:[0.10167 0.0747487 1.27285][0m
[0m[ INFO] [1780846536.929616676]: update_speed[0m
[0m[ INFO] [1780846536.994352306]: cmd_vel:[0 0 0][0m
[0m[ INFO] [1780846537.009613138]: update_speed[0m
[0m[ INFO] [1780846537.105516895]: cmd_vel:[0 0 0][0m
[0m[ INFO] [1780846537.121528701]: update_speed[0m
[0m[ INFO] [1780846541.412685772]: cmd_vel:[0 0 0][0m
[0m[ INFO] [1780846541.412726481]: cmd_vel:[-0.000145672 0.0324791 0.638302][0m
[0m[ INFO] [1780846541.423639297]: update_speed[0m
[0m[ INFO] [1780846541.518328965]: cmd_vel:[-0.000145963 0.0322666 0.642292][0m
[0m[ INFO] [1780846541.545306853]: update_speed[0m
[0m[ INFO] [1780846541.630228762]: cmd_vel:[-0.000117166 0.0321427 0.64477][0m
[0m[ INFO] [1780846541.646198324]: update_speed[0m
[0m[ INFO] [1780846541.716417487]: cmd_vel:[0.000161261 0.0345861 0.693337][0m
[0m[ INFO] [1780846541.726393259]: update_speed[0m
[0m[ INFO] [1780846541.822139410]: cmd_vel:[0.000884517 0.0398796 0.789381][0m
[0m[ INFO] [1780846541.845616687]: update_speed[0m
[0m[ INFO] [1780846541.918240141]: cmd_vel:[0.00133148 0.0395157 0.794101][0m
[0m[ INFO] [1780846541.934018226]: update_speed[0m
[0m[ INFO] [1780846542.030292333]: cmd_vel:[0.00221888 0.0433781 0.877057][0m
[0m[ INFO] [1780846542.046191398]: update_speed[0m
[0m[ INFO] [1780846542.109860309]: cmd_vel:[0.00628086 0.0190716 1.21011][0m
[0m[ INFO] [1780846542.125875276]: update_speed[0m
[0m[ INFO] [1780846542.221788246]: cmd_vel:[0.00818361 0.022017 1.31053][0m
[0m[ INFO] [1780846542.237879278]: update_speed[0m
[0m[ INFO] [1780846542.301625064]: cmd_vel:[0.0089683 0.0226537 1.28858][0m
[0m[ INFO] [1780846542.317670326]: update_speed[0m
[0m[ INFO] [1780846542.414726462]: cmd_vel:[0.011531 0.0266855 1.44488][0m
[0m[ INFO] [1780846542.431165087]: update_speed[0m
[0m[ INFO] [1780846542.525470201]: cmd_vel:[0.0157847 0.0124921 1.79068][0m
[0m[ INFO] [1780846542.546935363]: update_speed[0m
[0m[ INFO] [1780846542.605434812]: cmd_vel:[0.0121207 0.0151572 1.74866][0m
[0m[ INFO] [1780846542.621350786]: update_speed[0m
[0m[ INFO] [1780846542.717714934]: cmd_vel:[-0.00469491 0.00210494 1.82485][0m
[0m[ INFO] [1780846542.733307300]: update_speed[0m
[0m[ INFO] [1780846542.829711997]: cmd_vel:[-0.155433 -0.00137492 1.79726][0m
[0m[ INFO] [1780846542.846191181]: update_speed[0m
[0m[ INFO] [1780846542.909214745]: cmd_vel:[-0.141226 0.00862465 1.80083][0m
[0m[ INFO] [1780846542.925558058]: update_speed[0m
[0m[ INFO] [1780846543.021806921]: cmd_vel:[-0.16 0.147424 2.28567][0m
[0m[ INFO] [1780846543.037107767]: update_speed[0m
[0m[ INFO] [1780846543.101451193]: cmd_vel:[0 0 0][0m
[0m[ INFO] [1780846543.117103043]: update_speed[0m
[0m[ INFO] [1780846543.214241330]: cmd_vel:[-0.0718433 0.0294889 2.2172][0m
[0m[ INFO] [1780846543.229140773]: update_speed[0m
[0m[ INFO] [1780846543.324961545]: cmd_vel:[0.0163538 0.0277862 2.09539][0m
[0m[ INFO] [1780846543.340953465]: update_speed[0m
[0m[ INFO] [1780846543.404853313]: cmd_vel:[0.0283736 0.0347339 2.21533][0m
[0m[ INFO] [1780846543.420800695]: update_speed[0m
[0m[ INFO] [1780846543.517036449]: cmd_vel:[0.0691912 -0.0132733 2.21874][0m
[0m[ INFO] [1780846543.532772472]: update_speed[0m
[0m[ INFO] [1780846543.628746838]: cmd_vel:[0.0779996 -0.0192822 2.33715][0m
[0m[ INFO] [1780846543.644807062]: update_speed[0m
[0m[ INFO] [1780846543.708658867]: cmd_vel:[0.0942017 -0.0330497 2.46951][0m
[0m[ INFO] [1780846543.724685251]: update_speed[0m
[0m[ INFO] [1780846543.820630233]: cmd_vel:[0.0903297 0.00598424 2.94708][0m
[0m[ INFO] [1780846543.836602068]: update_speed[0m
[0m[ INFO] [1780846543.932843247]: cmd_vel:[0.0946075 0.000832954 2.90791][0m
[0m[ INFO] [1780846543.948487049]: update_speed[0m
[0m[ INFO] [1780846544.012465932]: cmd_vel:[0.0838878 0.0192855 2.83339][0m
[0m[ INFO] [1780846544.028419459]: update_speed[0m
[0m[ INFO] [1780846544.099914936]: cmd_vel:[0.110768 0.194384 2.98089][0m
[0m[ INFO] [1780846544.108595475]: update_speed[0m
[0m[ INFO] [1780846544.204863149]: cmd_vel:[0.141883 0.161762 2.9805][0m
[0m[ INFO] [1780846544.221747772]: update_speed[0m
[0m[ INFO] [1780846544.317822556]: cmd_vel:[0.145677 0.149404 2.88042][0m
[0m[ INFO] [1780846544.332958587]: update_speed[0m
[0m[ INFO] [1780846544.432109105]: cmd_vel:[0.135156 0.2 2.98146][0m
[0m[ INFO] [1780846544.446297702]: update_speed[0m
[0m[ INFO] [1780846544.508128879]: cmd_vel:[0.111704 0.2 2.98112][0m
[0m[ INFO] [1780846544.524161828]: update_speed[0m
[0m[ INFO] [1780846544.623268378]: cmd_vel:[0.101098 0.1989 2.98164][0m
[0m[ INFO] [1780846544.636046847]: update_speed[0m
[0m[ INFO] [1780846544.699963748]: cmd_vel:[0.139742 0.2 2.90246][0m
[0m[ INFO] [1780846544.715908839]: update_speed[0m
[0m[ INFO] [1780846544.812093427]: cmd_vel:[0.149207 0.2 2.68826][0m
[0m[ INFO] [1780846544.827849815]: update_speed[0m
[0m[ INFO] [1780846544.899747593]: cmd_vel:[0.159027 0.2 2.55182][0m
[0m[ INFO] [1780846544.911633498]: update_speed[0m
[0m[ INFO] [1780846545.004723284]: cmd_vel:[0.310412 0.2 1.95524][0m
[0m[ INFO] [1780846545.023604822]: update_speed[0m
[0m[ INFO] [1780846545.115618489]: cmd_vel:[0.304096 0.194363 2.0725][0m
[0m[ INFO] [1780846545.131560134]: update_speed[0m
[0m[ INFO] [1780846545.227989274]: cmd_vel:[0.326733 0.2 1.87881][0m
[0m[ INFO] [1780846545.243433005]: update_speed[0m
[0m[ INFO] [1780846545.307624779]: cmd_vel:[0.336187 0.195788 1.6776][0m
[0m[ INFO] [1780846545.325190462]: update_speed[0m
[0m[ INFO] [1780846545.419349908]: cmd_vel:[0.337 0.2 1.46718][0m
[0m[ INFO] [1780846545.435263529]: update_speed[0m
[0m[ INFO] [1780846545.499271925]: cmd_vel:[0.336853 0.2 1.28828][0m
[0m[ INFO] [1780846545.515489272]: update_speed[0m
[0m[ INFO] [1780846545.611492778]: cmd_vel:[0.338055 0.2 1.24464][0m
[0m[ INFO] [1780846545.631025766]: update_speed[0m
[0m[ INFO] [1780846545.723676571]: cmd_vel:[0.339122 0.2 1.20512][0m
[0m[ INFO] [1780846545.739249634]: update_speed[0m
[0m[ INFO] [1780846545.803478294]: cmd_vel:[0.338464 0.2 1.07875][0m
[0m[ INFO] [1780846545.819062315]: update_speed[0m
[0m[ INFO] [1780846545.915414266]: cmd_vel:[0.337885 0.2 1.06036][0m
[0m[ INFO] [1780846545.931019619]: update_speed[0m
[0m[ INFO] [1780846545.998158878]: cmd_vel:[0.339385 0.2 1.02943][0m
[0m[ INFO] [1780846546.011015115]: update_speed[0m
[0m[ INFO] [1780846546.106874003]: cmd_vel:[0.338926 0.2 0.992025][0m
[0m[ INFO] [1780846546.122830446]: update_speed[0m
[0m[ INFO] [1780846546.218799669]: cmd_vel:[0.262602 0.175927 0.937763][0m
[0m[ INFO] [1780846546.234803114]: update_speed[0m
[0m[ INFO] [1780846546.300558794]: cmd_vel:[0 0 0][0m
[0m[ INFO] [1780846546.314755998]: update_speed[0m
[0m[ INFO] [1780846546.410705364]: cmd_vel:[0.340771 0.194721 0.771786][0m
[0m[ INFO] [1780846546.426912184]: update_speed[0m
[0m[ INFO] [1780846546.522661148]: cmd_vel:[0.339184 0.189359 0.836693][0m
[0m[ INFO] [1780846546.538657958]: update_speed[0m
[0m[ INFO] [1780846546.602956270]: cmd_vel:[0.339587 0.185446 0.743461][0m
[0m[ INFO] [1780846546.619361027]: update_speed[0m
[0m[ INFO] [1780846546.714468944]: cmd_vel:[0.343586 0.2 0.523496][0m
[0m[ INFO] [1780846546.730667972]: update_speed[0m
[0m[ INFO] [1780846546.826401260]: cmd_vel:[0.34504 0.2 0.658953][0m
[0m[ INFO] [1780846546.842555409]: update_speed[0m
[0m[ INFO] [1780846546.907887646]: cmd_vel:[0.344499 0.2 0.579429][0m
[0m[ INFO] [1780846546.922428514]: update_speed[0m
[0m[ INFO] [1780846547.018378333]: cmd_vel:[0.344029 0.2 0.436582][0m
[0m[ INFO] [1780846547.034353721]: update_speed[0m
[0m[ INFO] [1780846547.098499118]: cmd_vel:[0.342258 0.2 0.470709][0m
[0m[ INFO] [1780846547.114241048]: update_speed[0m
[0m[ INFO] [1780846547.216624882]: cmd_vel:[0.342139 0.19084 0.334782][0m
[0m[ INFO] [1780846547.226992707]: update_speed[0m
[0m[ INFO] [1780846547.322024193]: cmd_vel:[0.339269 0.159322 0.23701][0m
[0m[ INFO] [1780846547.337980703]: update_speed[0m
[0m[ INFO] [1780846547.434119388]: cmd_vel:[0.0824418 -0.2 1.09508][0m
[0m[ INFO] [1780846547.449900237]: update_speed[0m
[0m[ INFO] [1780846547.513890241]: cmd_vel:[0.0784975 -0.2 1.05811][0m
[0m[ INFO] [1780846547.529860573]: update_speed[0m
[0m[ INFO] [1780846547.626137839]: cmd_vel:[0.0813881 -0.2 1.04898][0m
[0m[ INFO] [1780846547.641755471]: update_speed[0m
[0m[ INFO] [1780846547.706231112]: cmd_vel:[0.00141858 -0.188533 1.22691][0m
[0m[ INFO] [1780846547.721821494]: update_speed[0m
[0m[ INFO] [1780846547.817674014]: cmd_vel:[-0.0322283 -0.163668 1.19346][0m
[0m[ INFO] [1780846547.833585580]: update_speed[0m
[0m[ INFO] [1780846547.930234840]: cmd_vel:[-0.00971432 -0.145405 1.12283][0m
[0m[ INFO] [1780846547.945586930]: update_speed[0m
[0m[ INFO] [1780846548.009562538]: cmd_vel:[-0.0631081 -0.104634 1.19053][0m
[0m[ INFO] [1780846548.025464128]: update_speed[0m
[0m[ INFO] [1780846548.126173106]: cmd_vel:[-0.0125819 0.0681188 1.5383][0m
[0m[ INFO] [1780846548.138569275]: update_speed[0m
[0m[ INFO] [1780846548.201699183]: cmd_vel:[0.0825088 0.2 1.47493][0m
[0m[ INFO] [1780846548.217390949]: update_speed[0m
[0m[ INFO] [1780846548.313390680]: cmd_vel:[0.218554 0.198609 1.42481][0m
[0m[ INFO] [1780846548.329761122]: update_speed[0m
[0m[ INFO] [1780846548.425196626]: cmd_vel:[0.219718 0.198816 1.33213][0m
[0m[ INFO] [1780846548.448292812]: update_speed[0m
[0m[ INFO] [1780846548.522472121]: cmd_vel:[0.221974 0.2 1.18024][0m
[0m[ INFO] [1780846548.537096310]: update_speed[0m
[0m[ INFO] [1780846548.601076651]: cmd_vel:[0.264468 0.193874 1.20836][0m
[0m[ INFO] [1780846548.617933906]: update_speed[0m
[0m[ INFO] [1780846548.714078568]: cmd_vel:[0.334373 0.2 1.31686][0m
[0m[ INFO] [1780846548.728934510]: update_speed[0m
[0m[ INFO] [1780846548.824937221]: cmd_vel:[0.340446 0.190725 1.20496][0m
[0m[ INFO] [1780846548.840863647]: update_speed[0m
[0m[ INFO] [1780846548.904818001]: cmd_vel:[0.340577 0.196891 1.12696][0m
[0m[ INFO] [1780846548.920798349]: update_speed[0m
[0m[ INFO] [1780846549.018355424]: cmd_vel:[0.347165 0.2 1.55687][0m
[0m[ INFO] [1780846549.032694224]: update_speed[0m
[0m[ INFO] [1780846549.128847852]: cmd_vel:[0.346984 0.2 1.39237][0m
[0m[ INFO] [1780846549.148015890]: update_speed[0m
[0m[ INFO] [1780846549.208625295]: cmd_vel:[0.346069 0.198243 1.30432][0m
[0m[ INFO] [1780846549.225131357]: update_speed[0m
[0m[ INFO] [1780846549.320560660]: cmd_vel:[0.35 0.168922 1.43579][0m
[0m[ INFO] [1780846549.336571263]: update_speed[0m
[0m[ INFO] [1780846549.400428003]: cmd_vel:[0.343862 0.154544 1.41334][0m
[0m[ INFO] [1780846549.416553155]: update_speed[0m
[0m[ INFO] [1780846549.512819929]: cmd_vel:[0.35 0.2 1.33244][0m
[0m[ INFO] [1780846549.528312273]: update_speed[0m
[0m[ INFO] [1780846549.624685262]: cmd_vel:[0 0 0][0m
[0m[ INFO] [1780846549.640274170]: update_speed[0m
[0m[ INFO] [1780846549.736544541]: cmd_vel:[0.0146487 -0.0746491 0.306813][0m
[0m[ INFO] [1780846549.752198117]: update_speed[0m
[0m[ INFO] [1780846549.816270798]: cmd_vel:[0.00915295 -0.105443 0.215655][0m
[0m[ INFO] [1780846549.832254443]: update_speed[0m
[0m[ INFO] [1780846549.928481944]: cmd_vel:[-0.0892508 -0.2 0.0525335][0m
[0m[ INFO] [1780846549.944116419]: update_speed[0m
[0m[ INFO] [1780846550.008380203]: cmd_vel:[-0.075805 -0.195829 -0.0130723][0m
[0m[ INFO] [1780846550.024094086]: update_speed[0m
[0m[ INFO] [1780846550.125173613]: cmd_vel:[-0.0869638 -0.181232 -0.0980692][0m
[0m[ INFO] [1780846550.136516114]: update_speed[0m
[0m[ INFO] [1780846550.232220212]: cmd_vel:[-0.135064 -0.159226 -0.302667][0m
[0m[ INFO] [1780846550.247904242]: update_speed[0m
[0m[ INFO] [1780846550.312160359]: cmd_vel:[-0.141482 -0.146743 -0.262947][0m
[0m[ INFO] [1780846550.328861271]: update_speed[0m
[0m[ INFO] [1780846550.425154812]: cmd_vel:[-0.141502 -0.0892037 -0.347819][0m
[0m[ INFO] [1780846550.439742578]: update_speed[0m
[0m[ INFO] [1780846550.503678355]: cmd_vel:[-0.144994 -0.15973 -0.508324][0m
[0m[ INFO] [1780846550.519643001]: update_speed[0m
[0m[ INFO] [1780846550.615783891]: cmd_vel:[-0.141734 -0.13004 -0.572158][0m
[0m[ INFO] [1780846550.631551448]: update_speed[0m
[0m[ INFO] [1780846550.727527302]: cmd_vel:[-0.144157 -0.151482 -0.638126][0m
[0m[ INFO] [1780846550.743459338]: update_speed[0m
[0m[ INFO] [1780846550.839429010]: cmd_vel:[-0.140277 -0.191064 -0.75563][0m
[0m[ INFO] [1780846550.855468391]: update_speed[0m
[0m[ INFO] [1780846550.919373913]: cmd_vel:[-0.111652 -0.175 -0.780917][0m
[0m[ INFO] [1780846550.935510907]: update_speed[0m
[0m[ INFO] [1780846551.031277321]: cmd_vel:[-0.0295856 -0.120208 -0.864328][0m
[0m[ INFO] [1780846551.047231138]: update_speed[0m
[0m[ INFO] [1780846551.111232797]: cmd_vel:[0.0281498 -0.0078854 -1.02997][0m
[0m[ INFO] [1780846551.127631658]: update_speed[0m
[0m[ INFO] [1780846551.223173426]: cmd_vel:[0.0689493 0.0237162 -1.08005][0m
[0m[ INFO] [1780846551.239153297]: update_speed[0m
[0m[ INFO] [1780846551.303132481]: cmd_vel:[0.0837559 0.148749 -1.1115][0m
[0m[ INFO] [1780846551.318992932]: update_speed[0m
[0m[ INFO] [1780846551.415231314]: cmd_vel:[0.0909588 0.135093 -1.17651][0m
[0m[ INFO] [1780846551.431313215]: update_speed[0m
[0m[ INFO] [1780846551.501736034]: cmd_vel:[0.0997489 0.0602542 -1.28444][0m
[0m[ INFO] [1780846551.510889442]: update_speed[0m
[0m[ INFO] [1780846551.607045161]: cmd_vel:[0.108545 0.0720044 -1.19068][0m
[0m[ INFO] [1780846551.625917077]: update_speed[0m
[0m[ INFO] [1780846551.719006822]: cmd_vel:[0.098066 0.0481569 -1.09081][0m
[0m[ INFO] [1780846551.735311425]: update_speed[0m
[0m[ INFO] [1780846551.831026532]: cmd_vel:[0.0633918 0.0719179 -1.02543][0m
[0m[ INFO] [1780846551.846697194]: update_speed[0m
[0m[ INFO] [1780846551.911247995]: cmd_vel:[0.0693249 0.034971 -0.91495][0m
[0m[ INFO] [1780846551.926618678]: update_speed[0m
[0m[ INFO] [1780846552.022548575]: cmd_vel:[0.044449 0.0485463 -0.826557][0m
[0m[ INFO] [1780846552.038519427]: update_speed[0m
[0m[ INFO] [1780846552.102542376]: cmd_vel:[0.143629 -0.0693988 -0.28867][0m
[0m[ INFO] [1780846552.118469600]: update_speed[0m
[0m[ INFO] [1780846552.215268926]: cmd_vel:[0.293984 0.0540148 -0.217047][0m
[0m[ INFO] [1780846552.230425570]: update_speed[0m
[0m[ INFO] [1780846552.297620916]: cmd_vel:[0 0 0][0m
[0m[ INFO] [1780846552.310343592]: update_speed[0m
[0m[ INFO] [1780846552.406330279]: cmd_vel:[0.267908 -0.122701 0.0751329][0m
[0m[ INFO] [1780846552.422477730]: update_speed[0m
[0m[ INFO] [1780846552.521772109]: cmd_vel:[0.222404 -0.129488 0.179978][0m
[0m[ INFO] [1780846552.537284268]: update_speed[0m
[0m[ INFO] [1780846552.602774210]: cmd_vel:[0.237099 -0.128805 0.260586][0m
[0m[ INFO] [1780846552.614169671]: update_speed[0m
[0m[ INFO] [1780846552.710449035]: cmd_vel:[0.162363 -0.120219 0.363522][0m
[0m[ INFO] [1780846552.726105728]: update_speed[0m
[0m[ INFO] [1780846552.822630979]: cmd_vel:[0.110885 -0.0969792 0.431077][0m
[0m[ INFO] [1780846552.840259175]: update_speed[0m
[0m[ INFO] [1780846552.902280280]: cmd_vel:[0.0725437 0.199673 0.781653][0m
[0m[ INFO] [1780846552.917996411]: update_speed[0m
[0m[ INFO] [1780846553.013920868]: cmd_vel:[0.107415 0.2 0.833986][0m
[0m[ INFO] [1780846553.031662863]: update_speed[0m
[0m[ INFO] [1780846553.126509659]: cmd_vel:[0.127559 0.2 0.92501][0m
[0m[ INFO] [1780846553.141967625]: update_speed[0m
[0m[ INFO] [1780846553.206109864]: cmd_vel:[0.189086 0.19063 0.99987][0m
[0m[ INFO] [1780846553.222817054]: update_speed[0m
[0m[ INFO] [1780846553.317756106]: cmd_vel:[0.284915 0.165027 1.00024][0m
[0m[ INFO] [1780846553.333685800]: update_speed[0m
[0m[ INFO] [1780846553.429601882]: cmd_vel:[0.315346 0.185041 0.856949][0m
[0m[ INFO] [1780846553.445573766]: update_speed[0m
[0m[ INFO] [1780846553.510971518]: cmd_vel:[0.341034 0.181473 0.778945][0m
[0m[ INFO] [1780846553.525498837]: update_speed[0m
[0m[ INFO] [1780846553.621589542]: cmd_vel:[0.341272 0.16523 0.702721][0m
[0m[ INFO] [1780846553.637430044]: update_speed[0m
[0m[ INFO] [1780846553.703469560]: cmd_vel:[0.34549 0.2 1.44828][0m
[0m[ INFO] [1780846553.717380968]: update_speed[0m
[0m[ INFO] [1780846553.813371073]: cmd_vel:[0.345862 0.2 1.17109][0m
[0m[ INFO] [1780846553.829277633]: update_speed[0m
[0m[ INFO] [1780846553.925226656]: cmd_vel:[0.343984 0.183252 1.21881][0m
[0m[ INFO] [1780846553.941968105]: update_speed[0m
[0m[ INFO] [1780846554.008417643]: cmd_vel:[0.334943 0.189296 1.27547][0m
[0m[ INFO] [1780846554.021139855]: update_speed[0m
[0m[ INFO] [1780846554.117121040]: cmd_vel:[0.315229 0.163559 1.14841][0m
[0m[ INFO] [1780846554.133074465]: update_speed[0m
[0m[ INFO] [1780846554.229097525]: cmd_vel:[0.291421 0.0649737 0.846689][0m
[0m[ INFO] [1780846554.246081868]: update_speed[0m
[0m[ INFO] [1780846554.312487958]: cmd_vel:[0.348165 0.0425645 0.514241][0m
[0m[ INFO] [1780846554.325021089]: update_speed[0m
[0m[ INFO] [1780846554.421074420]: cmd_vel:[0.348585 0.0312598 0.42933][0m
[0m[ INFO] [1780846554.436878434]: update_speed[0m
[0m[ INFO] [1780846554.500898231]: cmd_vel:[0.33109 -0.198572 -0.00535515][0m
[0m[ INFO] [1780846554.517699342]: update_speed[0m
[0m[ INFO] [1780846554.645637530]: cmd_vel:[0.0994442 -0.2 -0.109963][0m
[0m[ INFO] [1780846554.662016996]: update_speed[0m
[0m[ INFO] [1780846554.761615981]: cmd_vel:[0.108352 -0.2 -0.158346][0m
[0m[ INFO] [1780846554.774641746]: update_speed[0m
[0m[ INFO] [1780846554.837959729]: cmd_vel:[0.125665 -0.2 -0.249712][0m
[0m[ INFO] [1780846554.854673258]: update_speed[0m
[0m[ INFO] [1780846554.920795722]: cmd_vel:[0.134415 -0.172995 -0.36764][0m
[0m[ INFO] [1780846554.935309232]: update_speed[0m
[0m[ INFO] [1780846555.028465707]: cmd_vel:[0.146657 -0.160444 -0.466773][0m
[0m[ INFO] [1780846555.047886631]: update_speed[0m
[0m[ INFO] [1780846555.108408972]: cmd_vel:[0.158697 -0.166334 -0.485561][0m
[0m[ INFO] [1780846555.124329175]: update_speed[0m
[0m[ INFO] [1780846555.220379693]: cmd_vel:[0.13668 -0.120567 -0.542144][0m
[0m[ INFO] [1780846555.236251312]: update_speed[0m
[0m[ INFO] [1780846555.333766864]: cmd_vel:[0.32924 -0.180302 -0.964889][0m
[0m[ INFO] [1780846555.350104438]: update_speed[0m
[0m[ INFO] [1780846555.412195977]: cmd_vel:[0.308801 -0.164537 -0.958094][0m
[0m[ INFO] [1780846555.430029842]: update_speed[0m
[0m[ INFO] [1780846555.524224318]: cmd_vel:[0.280352 -0.104773 -0.979517][0m
[0m[ INFO] [1780846555.540202654]: update_speed[0m
[0m[ INFO] [1780846555.604034897]: cmd_vel:[0.189791 -0.0450725 -1.09856][0m
[0m[ INFO] [1780846555.621537689]: update_speed[0m
[0m[ INFO] [1780846555.723642548]: cmd_vel:[0.307441 0.024603 -1.67057][0m
[0m[ INFO] [1780846555.735125877]: update_speed[0m
[0m[ INFO] [1780846555.802928594]: cmd_vel:[0.313324 0.0351146 -1.64139][0m
[0m[ INFO] [1780846555.812806555]: update_speed[0m
[0m[ INFO] [1780846555.909637285]: cmd_vel:[0.305724 0.115958 -1.81516][0m
[0m[ INFO] [1780846555.923800116]: update_speed[0m
[0m[ INFO] [1780846556.019703498]: cmd_vel:[0 0 0][0m
[0m[ INFO] [1780846556.055157381]: update_speed[0m
[0m[ INFO] [1780846556.499344984]: cmd_vel:[-0.144271 0.2 -0.997976][0m
[0m[ INFO] [1780846556.515309611]: update_speed[0m
[0m[ INFO] [1780846556.611316140]: cmd_vel:[-0.140191 0.2 -0.849027][0m
[0m[ INFO] [1780846556.627302061]: update_speed[0m
[0m[ INFO] [1780846556.724445114]: cmd_vel:[-0.141229 0.2 -0.767547][0m
[0m[ INFO] [1780846556.739155545]: update_speed[0m
[0m[ INFO] [1780846556.803204250]: cmd_vel:[-0.140819 0.180375 -0.636265][0m
[0m[ INFO] [1780846556.819047575]: update_speed[0m
[0m[ INFO] [1780846556.916130852]: cmd_vel:[-0.111727 0.159016 -0.520042][0m
[0m[ INFO] [1780846556.932256507]: update_speed[0m
[0m[ INFO] [1780846557.026891318]: cmd_vel:[-0.123662 0.123849 -0.400974][0m
[0m[ INFO] [1780846557.042824351]: update_speed[0m
[0m[ INFO] [1780846557.106828493]: cmd_vel:[-0.122789 -0.01115 0.257615][0m
[0m[ INFO] [1780846557.122765992]: update_speed[0m
[0m[ INFO] [1780846557.218759597]: cmd_vel:[-0.109942 -0.0361203 0.261858][0m
[0m[ INFO] [1780846557.234753495]: update_speed[0m
[0m[ INFO] [1780846557.299159506]: cmd_vel:[-0.0739231 -0.0628787 0.296414][0m
[0m[ INFO] [1780846557.314636500]: update_speed[0m
[0m[ INFO] [1780846557.410593855]: cmd_vel:[-0.0327991 -0.10116 0.43583][0m
[0m[ INFO] [1780846557.428753941]: update_speed[0m
[0m[ INFO] [1780846557.523021064]: cmd_vel:[-0.0171485 -0.154804 0.519224][0m
[0m[ INFO] [1780846557.538522249]: update_speed[0m
[0m[ INFO] [1780846557.602530239]: cmd_vel:[0.0242469 -0.15093 0.589796][0m
[0m[ INFO] [1780846557.620474765]: update_speed[0m
[0m[ INFO] [1780846557.714412215]: cmd_vel:[0.098059 -0.16999 0.66859][0m
[0m[ INFO] [1780846557.730357772]: update_speed[0m
[0m[ INFO] [1780846557.798311541]: cmd_vel:[0.0918727 -0.122807 0.767258][0m
[0m[ INFO] [1780846557.810438926]: update_speed[0m
[0m[ INFO] [1780846557.906295592]: cmd_vel:[0.145321 -0.124116 0.833912][0m
[0m[ INFO] [1780846557.922238238]: update_speed[0m
[0m[ INFO] [1780846558.018432986]: cmd_vel:[0.14282 -0.0898294 0.840841][0m
[0m[ INFO] [1780846558.034169478]: update_speed[0m
[0m[ INFO] [1780846558.098253392]: cmd_vel:[0.244628 -0.120854 1.13984][0m
[0m[ INFO] [1780846558.116839991]: update_speed[0m
[0m[ INFO] [1780846558.210112905]: cmd_vel:[0.257817 -0.0814019 1.26492][0m
[0m[ INFO] [1780846558.226052535]: update_speed[0m
[0m[ INFO] [1780846558.322092632]: cmd_vel:[0.226667 -0.0520975 1.29261][0m
[0m[ INFO] [1780846558.338018914]: update_speed[0m
[0m[ INFO] [1780846558.402054430]: cmd_vel:[0 0 0][0m
[0m[ INFO] [1780846558.418023786]: update_speed[0m
[0m[ INFO] [1780846558.513999447]: cmd_vel:[0.0037099 -0.00461343 0.170684][0m
[0m[ INFO] [1780846558.532313272]: update_speed[0m
[0m[ INFO] [1780846558.625877890]: cmd_vel:[-0.00131137 -0.00189163 -0.268028][0m
[0m[ INFO] [1780846558.642844013]: update_speed[0m
[0m[ INFO] [1780846558.738193088]: cmd_vel:[-0.0218694 0.00192203 -0.0946247][0m
[0m[ INFO] [1780846558.753817702]: update_speed[0m
[0m[ INFO] [1780846558.818597773]: cmd_vel:[-0.0676401 0.0131845 -0.204153][0m
[0m[ INFO] [1780846558.839224739]: update_speed[0m
[0m[ INFO] [1780846558.931914265]: cmd_vel:[-0.0615025 0.0636454 -0.311119][0m
[0m[ INFO] [1780846558.948479508]: update_speed[0m
[0m[ INFO] [1780846559.010196922]: cmd_vel:[-0.118988 0.0841407 -0.391248][0m
[0m[ INFO] [1780846559.025704266]: update_speed[0m
[0m[ INFO] [1780846559.125938504]: cmd_vel:[-0.122247 0.0866875 -0.420552][0m
[0m[ INFO] [1780846559.141358076]: update_speed[0m
[0m[ INFO] [1780846559.216824237]: cmd_vel:[-0.134431 0.0950464 -0.50637][0m
[0m[ INFO] [1780846559.233392287]: update_speed[0m
[0m[ INFO] [1780846559.330026031]: cmd_vel:[-0.0740393 0.0754422 -0.592743][0m
[0m[ INFO] [1780846559.345380841]: update_speed[0m
[0m[ INFO] [1780846559.409375973]: cmd_vel:[-0.0198462 -0.000314952 -0.999414][0m
[0m[ INFO] [1780846559.425326564]: update_speed[0m
[0m[ INFO] [1780846559.521265578]: cmd_vel:[-0.00363236 -0.00607746 -1.1712][0m
[0m[ INFO] [1780846559.537282593]: update_speed[0m
[0m[ INFO] [1780846559.633676472]: cmd_vel:[-0.00372307 -0.00662079 -1.19447][0m
[0m[ INFO] [1780846559.650075280]: update_speed[0m
[0m[ INFO] [1780846559.713473010]: cmd_vel:[0.00670108 -0.0062293 -1.3499][0m
[0m[ INFO] [1780846559.730425368]: update_speed[0m
[0m[ INFO] [1780846559.825022954]: cmd_vel:[0.00753604 -0.00666411 -1.41389][0m
[0m[ INFO] [1780846559.841206275]: update_speed[0m
[0m[ INFO] [1780846559.904971058]: cmd_vel:[0.0559921 -0.00701185 -1.46169][0m
[0m[ INFO] [1780846559.920975955]: update_speed[0m
[0m[ INFO] [1780846560.017110724]: cmd_vel:[0.0808712 -0.0457825 -1.5427][0m
[0m[ INFO] [1780846560.032883067]: update_speed[0m
[0m[ INFO] [1780846560.129645748]: cmd_vel:[0.0913404 -0.0476274 -1.56695][0m
[0m[ INFO] [1780846560.144805136]: update_speed[0m
[0m[ INFO] [1780846560.210203445]: cmd_vel:[0.0856971 0.0280489 -1.99878][0m
[0m[ INFO] [1780846560.224724240]: update_speed[0m
[0m[ INFO] [1780846560.320677140]: cmd_vel:[0.0562042 0.0500806 -1.98706][0m
[0m[ INFO] [1780846560.337037017]: update_speed[0m
[0m[ INFO] [1780846560.432679999]: cmd_vel:[0.0395353 0.0653391 -2.04205][0m
[0m[ INFO] [1780846560.448626986]: update_speed[0m
[0m[ INFO] [1780846560.512786785]: cmd_vel:[0.00362821 -0.0444075 -2.32412][0m
[0m[ INFO] [1780846560.529264444]: update_speed[0m
[0m[ INFO] [1780846560.624837717]: cmd_vel:[-0.0435805 -0.0130028 -2.2173][0m
[0m[ INFO] [1780846560.640967923]: update_speed[0m
[0m[ INFO] [1780846560.704797182]: cmd_vel:[-0.104277 -0.0367157 -2.1643][0m
[0m[ INFO] [1780846560.726300824]: update_speed[0m
[0m[ INFO] [1780846560.834220135]: cmd_vel:[-0.110063 -0.0498571 -2.113][0m
[0m[ INFO] [1780846560.848371289]: update_speed[0m
[0m[ INFO] [1780846560.915712945]: cmd_vel:[-0.109674 -0.0694723 -2.04461][0m
[0m[ INFO] [1780846560.928745151]: update_speed[0m
[0m[ INFO] [1780846561.024162138]: cmd_vel:[-0.0852868 -0.0475951 -1.78647][0m
[0m[ INFO] [1780846561.040137035]: update_speed[0m
[0m[ INFO] [1780846561.104121489]: cmd_vel:[0.0113832 -0.0321278 -1.55525][0m
[0m[ INFO] [1780846561.120090064]: update_speed[0m
[0m[ INFO] [1780846561.218133494]: cmd_vel:[0.0591097 -0.0222312 -1.44172][0m
[0m[ INFO] [1780846561.232006386]: update_speed[0m
[0m[ INFO] [1780846561.327965544]: cmd_vel:[0.0732704 0.00450268 -1.24094][0m
[0m[ INFO] [1780846561.343940592]: update_speed[0m
[0m[ INFO] [1780846561.407872090]: cmd_vel:[0.0785316 0.0168412 -1.15923][0m
[0m[ INFO] [1780846561.423839499]: update_speed[0m
[0m[ INFO] [1780846561.521506562]: cmd_vel:[0.107163 0.0632105 -1.00655][0m
[0m[ INFO] [1780846561.537840612]: update_speed[0m
[0m[ INFO] [1780846561.622158284]: cmd_vel:[0.0957598 0.0618473 -0.878761][0m
[0m[ INFO] [1780846561.631734455]: update_speed[0m
[0m[ INFO] [1780846561.727677622]: cmd_vel:[0.092957 0.068178 -0.726983][0m
[0m[ INFO] [1780846561.744821732]: update_speed[0m
[0m[ INFO] [1780846561.807598112]: cmd_vel:[0.038283 0.0383683 -0.571667][0m
[0m[ INFO] [1780846561.823508786]: update_speed[0m
[0m[ INFO] [1780846561.922158408]: cmd_vel:[0.00128227 0.0426153 -0.437153][0m
[0m[ INFO] [1780846561.935509759]: update_speed[0m
[0m[ INFO] [1780846562.031439369]: cmd_vel:[0.000176341 0.0450147 -0.337143][0m
[0m[ INFO] [1780846562.047429640]: update_speed[0m
[0m[ INFO] [1780846562.111363949]: cmd_vel:[-0.0344535 -0.00129738 0.0396293][0m
[0m[ INFO] [1780846562.129144965]: update_speed[0m
[0m[ INFO] [1780846562.225116440]: cmd_vel:[-0.0564215 -0.00885717 0.149884][0m
[0m[ INFO] [1780846562.239289552]: update_speed[0m
[0m[ INFO] [1780846562.303439398]: cmd_vel:[-0.0758722 -0.0146403 0.276875][0m
[0m[ INFO] [1780846562.320302314]: update_speed[0m
[0m[ INFO] [1780846562.417583399]: cmd_vel:[-0.0800066 -0.0166034 0.355651][0m
[0m[ INFO] [1780846562.431143786]: update_speed[0m
[0m[ INFO] [1780846562.527429168]: cmd_vel:[-0.0874704 -0.0185493 0.439819][0m
[0m[ INFO] [1780846562.543032651]: update_speed[0m
[0m[ INFO] [1780846562.606990595]: cmd_vel:[-0.0481777 -0.0487556 0.510464][0m
[0m[ INFO] [1780846562.622928779]: update_speed[0m
[0m[ INFO] [1780846562.718931355]: cmd_vel:[-0.0373702 -0.046198 0.581723][0m
[0m[ INFO] [1780846562.734843915]: update_speed[0m
[0m[ INFO] [1780846562.830853817]: cmd_vel:[-0.0366521 -0.0453337 0.656528][0m
[0m[ INFO] [1780846562.846954714]: update_speed[0m
[0m[ INFO] [1780846562.910760401]: cmd_vel:[-0.0316916 -0.0238753 1.02332][0m
[0m[ INFO] [1780846562.928105903]: update_speed[0m
[0m[ INFO] [1780846563.025463554]: cmd_vel:[-0.0330727 -0.024274 1.12522][0m
[0m[ INFO] [1780846563.038629986]: update_speed[0m
[0m[ INFO] [1780846563.102623761]: cmd_vel:[-0.0332666 -0.0237466 1.12775][0m
[0m[ INFO] [1780846563.118591867]: update_speed[0m
[0m[ INFO] [1780846563.214534316]: cmd_vel:[-0.0198658 -0.0195702 1.23419][0m
[0m[ INFO] [1780846563.230494218]: update_speed[0m
[0m[ INFO] [1780846563.326471635]: cmd_vel:[-0.00996097 -0.0195133 1.40274][0m
[0m[ INFO] [1780846563.342409978]: update_speed[0m
[0m[ INFO] [1780846563.406375836]: cmd_vel:[0.00414291 -0.0159734 1.4065][0m
[0m[ INFO] [1780846563.423028623]: update_speed[0m
[0m[ INFO] [1780846563.518306386]: cmd_vel:[0.103016 0.00740849 1.57663][0m
[0m[ INFO] [1780846563.535124624]: update_speed[0m
[0m[ INFO] [1780846563.610629448]: cmd_vel:[0.112863 0.00443326 1.62248][0m
[0m[ INFO] [1780846563.637308497]: update_speed[0m
[0m[ INFO] [1780846563.710428021]: cmd_vel:[0.132255 -0.00208888 1.69711][0m
[0m[ INFO] [1780846563.735195013]: update_speed[0m
[0m[ INFO] [1780846563.809150302]: cmd_vel:[0.151639 -0.0105747 1.71819][0m
[0m[ INFO] [1780846563.822058383]: update_speed[0m
[0m[ INFO] [1780846563.918064749]: cmd_vel:[0.172774 -0.0236138 2.21645][0m
[0m[ INFO] [1780846563.934046897]: update_speed[0m
[0m[ INFO] [1780846563.998310424]: cmd_vel:[0.166717 -0.0293239 2.22429][0m
[0m[ INFO] [1780846564.014263363]: update_speed[0m
[0m[ INFO] [1780846564.127382841]: cmd_vel:[0.122328 -0.0526376 2.24662][0m
[0m[ INFO] [1780846564.142443720]: update_speed[0m
[0m[ INFO] [1780846564.205847714]: cmd_vel:[0.0645136 -0.0638229 2.38426][0m
[0m[ INFO] [1780846564.222017125]: update_speed[0m
[0m[ INFO] [1780846564.317814125]: cmd_vel:[0.0402333 -0.0373893 2.42824][0m
[0m[ INFO] [1780846564.337193730]: update_speed[0m
[0m[ INFO] [1780846564.402209238]: cmd_vel:[-0.042066 0.144054 2.55017][0m
[0m[ INFO] [1780846564.414469244]: update_speed[0m
[0m[ INFO] [1780846564.510006816]: cmd_vel:[-0.0436623 0.14362 2.5006][0m
[0m[ INFO] [1780846564.536878821]: update_speed[0m
[0m[ INFO] [1780846564.605935017]: cmd_vel:[-0.101952 0.173521 1.86946][0m
[0m[ INFO] [1780846564.621638230]: update_speed[0m
[0m[ INFO] [1780846564.717793477]: cmd_vel:[-0.114973 0.142255 2.08018][0m
[0m[ INFO] [1780846564.735551513]: update_speed[0m
[0m[ INFO] [1780846564.798105472]: cmd_vel:[-0.102906 0.147132 2.03006][0m
[0m[ INFO] [1780846564.813657555]: update_speed[0m
[0m[ INFO] [1780846564.909495603]: cmd_vel:[-0.0968471 0.112263 2.00328][0m
[0m[ INFO] [1780846564.925303151]: update_speed[0m
[0m[ INFO] [1780846565.021312673]: cmd_vel:[0 0 0][0m
[0m[ INFO] [1780846565.037302160]: update_speed[0m
[0m[ INFO] [1780846565.103264044]: cmd_vel:[0.0434704 0.0387293 0.599695][0m
[0m[ INFO] [1780846565.117142374]: update_speed[0m
[0m[ INFO] [1780846565.213261589]: cmd_vel:[0.0229124 0.00780003 1.03507][0m
[0m[ INFO] [1780846565.229097740]: update_speed[0m
[0m[ INFO] [1780846565.325064170]: cmd_vel:[0.0284407 -0.0317739 0.891559][0m
[0m[ INFO] [1780846565.342712993]: update_speed[0m
[0m[ INFO] [1780846565.405193501]: cmd_vel:[0.0294388 -0.0353877 0.801989][0m
[0m[ INFO] [1780846565.420951643]: update_speed[0m
[0m[ INFO] [1780846565.516957543]: cmd_vel:[0.0257701 -0.0965846 0.580411][0m
[0m[ INFO] [1780846565.532954122]: update_speed[0m
[0m[ INFO] [1780846565.629086976]: cmd_vel:[0.02604 -0.108715 0.445981][0m
[0m[ INFO] [1780846565.644858512]: update_speed[0m
[0m[ INFO] [1780846565.741455331]: cmd_vel:[0.0163681 -0.0920466 0.314132][0m
[0m[ INFO] [1780846565.757978585]: update_speed[0m
[0m[ INFO] [1780846565.820693761]: cmd_vel:[0.0242013 -0.106586 0.202772][0m
[0m[ INFO] [1780846565.836664943]: update_speed[0m
[0m[ INFO] [1780846565.900908263]: cmd_vel:[0.0509901 -0.0598529 0.125585][0m
[0m[ INFO] [1780846565.920739710]: update_speed[0m
[0m[ INFO] [1780846566.013178635]: cmd_vel:[0.275547 -0.0304696 -0.306965][0m
[0m[ INFO] [1780846566.028497762]: update_speed[0m
[0m[ INFO] [1780846566.124471204]: cmd_vel:[0.263639 -0.0333457 -0.361097][0m
[0m[ INFO] [1780846566.141223271]: update_speed[0m
[0m[ INFO] [1780846566.204674857]: cmd_vel:[0.245474 -0.0152677 -0.0927989][0m
[0m[ INFO] [1780846566.220822229]: update_speed[0m
[0m[ INFO] [1780846566.316780789]: cmd_vel:[0.236406 -0.017109 -0.0902442][0m
[0m[ INFO] [1780846566.332252330]: update_speed[0m
[0m[ INFO] [1780846566.396676412]: cmd_vel:[0.179789 0.00343546 0.0824338][0m
[0m[ INFO] [1780846566.413600442]: update_speed[0m
[0m[ INFO] [1780846566.508757930]: cmd_vel:[0.0677049 0.0532559 0.584595][0m
[0m[ INFO] [1780846566.524256488]: update_speed[0m
[0m[ INFO] [1780846566.621381695]: cmd_vel:[0.0302804 0.0521583 0.57109][0m
[0m[ INFO] [1780846566.636048841]: update_speed[0m
[0m[ INFO] [1780846566.700078669]: cmd_vel:[-0.14 0.00993209 1.06214][0m
[0m[ INFO] [1780846566.716472235]: update_speed[0m
[0m[ INFO] [1780846566.812086641]: cmd_vel:[-0.155134 -0.0407821 1.06236][0m
[0m[ INFO] [1780846566.828006684]: update_speed[0m
[0m[ INFO] [1780846566.923911905]: cmd_vel:[-0.16 -0.0664916 1.12599][0m
[0m[ INFO] [1780846566.939840615]: update_speed[0m
[0m[ INFO] [1780846567.006215727]: cmd_vel:[-0.156297 -0.064147 1.11036][0m
[0m[ INFO] [1780846567.020149462]: update_speed[0m
[0m[ INFO] [1780846567.116193040]: cmd_vel:[-0.132967 -0.0310846 1.04295][0m
[0m[ INFO] [1780846567.131724881]: update_speed[0m
[0m[ INFO] [1780846567.196096555]: cmd_vel:[0 0 0][0m
[0m[ INFO] [1780846567.211714188]: update_speed[0m
[0m[ INFO] [1780846567.307966407]: cmd_vel:[0 0 0][0m
[0m[ INFO] [1780846567.324117963]: update_speed[0m
[0m[ INFO] [1780846576.373716585]: cmd_vel:[0 0 0][0m
[0m[ INFO] [1780846576.389265143]: update_speed[0m
[0m[ INFO] [1780846576.421145234]: cmd_vel:[0.0147522 -0.0195887 -0.852983][0m
[0m[ INFO] [1780846576.438030065]: update_speed[0m
[0m[ INFO] [1780846576.470766466]: cmd_vel:[0.014789 -0.0196345 -0.850942][0m
[0m[ INFO] [1780846576.485026181]: update_speed[0m
[0m[ INFO] [1780846576.581033078]: cmd_vel:[0.0153625 -0.020374 -0.889684][0m
[0m[ INFO] [1780846576.596946302]: update_speed[0m
[0m[ INFO] [1780846576.668807653]: cmd_vel:[0.00675045 -0.0181695 -0.883759][0m
[0m[ INFO] [1780846576.676932265]: update_speed[0m
[0m[ INFO] [1780846576.773125491]: cmd_vel:[-0.00189078 -0.0179752 -1.02226][0m
[0m[ INFO] [1780846576.788839706]: update_speed[0m
[0m[ INFO] [1780846576.885041548]: cmd_vel:[-0.0194416 -0.0126595 -1.09308][0m
[0m[ INFO] [1780846576.901112099]: update_speed[0m
[0m[ INFO] [1780846576.965353151]: cmd_vel:[-0.0104558 -0.0103227 -1.07473][0m
[0m[ INFO] [1780846576.980795939]: update_speed[0m
[0m[ INFO] [1780846577.076700495]: cmd_vel:[0.00307862 -0.0556648 -1.17198][0m
[0m[ INFO] [1780846577.092678267]: update_speed[0m
[0m[ INFO] [1780846577.190985996]: cmd_vel:[0.0465043 -0.158706 -1.2956][0m
[0m[ INFO] [1780846577.209147102]: update_speed[0m
[0m[ INFO] [1780846577.272353162]: cmd_vel:[0.0664691 -0.1626 -1.31206][0m
[0m[ INFO] [1780846577.284575451]: update_speed[0m
[0m[ INFO] [1780846577.380537629]: cmd_vel:[0.147144 -0.16452 -1.5903][0m
[0m[ INFO] [1780846577.396526632]: update_speed[0m
[0m[ INFO] [1780846577.492532178]: cmd_vel:[0.176436 -0.177799 -1.63735][0m
[0m[ INFO] [1780846577.508431454]: update_speed[0m
[0m[ INFO] [1780846577.574839117]: cmd_vel:[0.238097 -0.179433 -1.58119][0m
[0m[ INFO] [1780846577.588789621]: update_speed[0m
[0m[ INFO] [1780846577.684814720]: cmd_vel:[0.25142 -0.192394 -1.32563][0m
[0m[ INFO] [1780846577.700295820]: update_speed[0m
[0m[ INFO] [1780846577.764249059]: cmd_vel:[0.271424 -0.182737 -1.54035][0m
[0m[ INFO] [1780846577.780318691]: update_speed[0m
[0m[ INFO] [1780846577.876201628]: cmd_vel:[0.273544 -0.167078 -1.45877][0m
[0m[ INFO] [1780846577.892236701]: update_speed[0m
[0m[ INFO] [1780846577.988160713]: cmd_vel:[0 0 0][0m
[0m[ INFO] [1780846578.004245823]: update_speed[0m
[0m[ INFO] [1780846578.068176776]: cmd_vel:[0.0495053 -0.109367 -2.17813][0m
[0m[ INFO] [1780846578.084131702]: update_speed[0m
[0m[ INFO] [1780846578.185417368]: cmd_vel:[-0.00343163 -0.0883593 -2.15594][0m
[0m[ INFO] [1780846578.196015077]: update_speed[0m
[0m[ INFO] [1780846578.292014280]: cmd_vel:[0.07167 -0.148346 -1.7199][0m
[0m[ INFO] [1780846578.308352627]: update_speed[0m
[0m[ INFO] [1780846578.371909932]: cmd_vel:[0.165089 -0.174295 -1.69739][0m
[0m[ INFO] [1780846578.387865868]: update_speed[0m
[0m[ INFO] [1780846578.483854984]: cmd_vel:[0.270838 -0.2 -1.54842][0m
[0m[ INFO] [1780846578.499930685]: update_speed[0m
[0m[ INFO] [1780846578.595719833]: cmd_vel:[0.270339 -0.191338 -1.2134][0m
[0m[ INFO] [1780846578.611744690]: update_speed[0m
[0m[ INFO] [1780846578.677018861]: cmd_vel:[0.311113 -0.2 -1.06558][0m
[0m[ INFO] [1780846578.691691803]: update_speed[0m
[0m[ INFO] [1780846578.787936165]: cmd_vel:[0.234068 -0.187714 -1.06661][0m
[0m[ INFO] [1780846578.809282219]: update_speed[0m
[0m[ INFO] [1780846578.867535613]: cmd_vel:[0.335808 -0.177232 -1.30916][0m
[0m[ INFO] [1780846578.883509350]: update_speed[0m
[0m[ INFO] [1780846578.982270004]: cmd_vel:[0.311501 -0.146919 -1.30019][0m
[0m[ INFO] [1780846578.997649202]: update_speed[0m
[0m[ INFO] [1780846579.063634190]: cmd_vel:[0.338617 -0.17748 -1.10066][0m
[0m[ INFO] [1780846579.075569370]: update_speed[0m
[0m[ INFO] [1780846579.171671823]: cmd_vel:[0.337735 -0.171522 -1.07727][0m
[0m[ INFO] [1780846579.188615535]: update_speed[0m
[0m[ INFO] [1780846579.289892952]: cmd_vel:[0.336979 -0.165754 -1.03441][0m
[0m[ INFO] [1780846579.299931762]: update_speed[0m
[0m[ INFO] [1780846579.363956657]: cmd_vel:[0.345096 -0.2 -1.40299][0m
[0m[ INFO] [1780846579.379312340]: update_speed[0m
[0m[ INFO] [1780846579.475088788]: cmd_vel:[0.343612 -0.2 -1.26746][0m
[0m[ INFO] [1780846579.491043994]: update_speed[0m
[0m[ INFO] [1780846579.587050768]: cmd_vel:[0.34254 -0.2 -1.16095][0m
[0m[ INFO] [1780846579.602929736]: update_speed[0m
[0m[ INFO] [1780846579.667160684]: cmd_vel:[0.337708 -0.173304 -1.03216][0m
[0m[ INFO] [1780846579.682870891]: update_speed[0m
[0m[ INFO] [1780846579.779192439]: cmd_vel:[0.340701 -0.175172 -0.80295][0m
[0m[ INFO] [1780846579.794797252]: update_speed[0m
[0m[ INFO] [1780846579.890979670]: cmd_vel:[0.342959 -0.2 -0.654033][0m
[0m[ INFO] [1780846579.907044936]: update_speed[0m
[0m[ INFO] [1780846579.971995680]: cmd_vel:[0.34037 -0.186472 -0.510898][0m
[0m[ INFO] [1780846579.987918951]: update_speed[0m
[0m[ INFO] [1780846580.082914199]: cmd_vel:[0.342283 -0.192333 -0.537229][0m
[0m[ INFO] [1780846580.098565941]: update_speed[0m
[0m[ INFO] [1780846580.162864031]: cmd_vel:[0.342968 -0.2 -0.558251][0m
[0m[ INFO] [1780846580.181744113]: update_speed[0m
[0m[ INFO] [1780846580.274620590]: cmd_vel:[0.35 -0.2 -1.39422][0m
[0m[ INFO] [1780846580.290466134]: update_speed[0m
[0m[ INFO] [1780846580.386487183]: cmd_vel:[0.34345 -0.2 -1.35451][0m
[0m[ INFO] [1780846580.402425416]: update_speed[0m
[0m[ INFO] [1780846580.467218828]: cmd_vel:[0.348554 -0.2 -1.26817][0m
[0m[ INFO] [1780846580.482369899]: update_speed[0m
[0m[ INFO] [1780846580.578358009]: cmd_vel:[0.339381 -0.198992 -1.31537][0m
[0m[ INFO] [1780846580.594358979]: update_speed[0m
[0m[ INFO] [1780846580.692045591]: cmd_vel:[0.342201 -0.187554 -1.31215][0m
[0m[ INFO] [1780846580.706479801]: update_speed[0m
[0m[ INFO] [1780846580.770323892]: cmd_vel:[0 0 0][0m
[0m[ INFO] [1780846580.786275143]: update_speed[0m
[0m[ INFO] [1780846580.883476111]: cmd_vel:[0 0 0][0m
[0m[ INFO] [1780846580.898086023]: update_speed[0m
[0m[ INFO] [1780846580.994091098]: cmd_vel:[0 0 0][0m
[0m[ INFO] [1780846581.010053707]: update_speed[0m
[0m[ INFO] [1780846581.074298524]: cmd_vel:[0.0743217 -0.2 -1.13019][0m
[0m[ INFO] [1780846581.090096065]: update_speed[0m
[0m[ INFO] [1780846581.186654198]: cmd_vel:[0.0597691 -0.15562 -1.0047][0m
[0m[ INFO] [1780846581.201961780]: update_speed[0m
[0m[ INFO] [1780846581.265926790]: cmd_vel:[0.00970054 -0.149931 -1.01749][0m
[0m[ INFO] [1780846581.282170604]: update_speed[0m
[0m[ INFO] [1780846581.377875813]: cmd_vel:[0.0729477 -0.184164 -1.12047][0m
[0m[ INFO] [1780846581.393865237]: update_speed[0m
[0m[ INFO] [1780846581.489831338]: cmd_vel:[0.335722 -0.2 -1.29686][0m
[0m[ INFO] [1780846581.505707467]: update_speed[0m
[0m[ INFO] [1780846581.569715740]: cmd_vel:[0.336576 -0.2 -1.18009][0m
[0m[ INFO] [1780846581.585745739]: update_speed[0m
[0m[ INFO] [1780846581.683329016]: cmd_vel:[0.344275 -0.2 -1.15737][0m
[0m[ INFO] [1780846581.698343006]: update_speed[0m
[0m[ INFO] [1780846581.796860884]: cmd_vel:[0.340446 -0.2 -1.04317][0m
[0m[ INFO] [1780846581.809577184]: update_speed[0m
[0m[ INFO] [1780846581.874778068]: cmd_vel:[0.347276 -0.188834 -1.01396][0m
[0m[ INFO] [1780846581.890357302]: update_speed[0m
[0m[ INFO] [1780846581.985414851]: cmd_vel:[0.35 -0.191237 -1.44344][0m
[0m[ INFO] [1780846582.001383472]: update_speed[0m
[0m[ INFO] [1780846582.069484328]: cmd_vel:[0.34247 -0.2 -1.40841][0m
[0m[ INFO] [1780846582.081350487]: update_speed[0m
[0m[ INFO] [1780846582.177911164]: cmd_vel:[0.326399 -0.2 -1.33704][0m
[0m[ INFO] [1780846582.193295700]: update_speed[0m
[0m[ INFO] [1780846582.289469480]: cmd_vel:[0.335502 -0.179851 -1.18864][0m
[0m[ INFO] [1780846582.305611038]: update_speed[0m
[0m[ INFO] [1780846582.370012115]: cmd_vel:[0.348116 -0.2 -0.897877][0m
[0m[ INFO] [1780846582.385132710]: update_speed[0m
[0m[ INFO] [1780846582.483438614]: cmd_vel:[0.347722 -0.146927 -1.03778][0m
[0m[ INFO] [1780846582.500424376]: update_speed[0m
[0m[ INFO] [1780846582.592994322]: cmd_vel:[0.35 -0.170504 -0.719613][0m
[0m[ INFO] [1780846582.608995027]: update_speed[0m
[0m[ INFO] [1780846582.673144580]: cmd_vel:[0.35 -0.148451 -0.757774][0m
[0m[ INFO] [1780846582.689572628]: update_speed[0m
[0m[ INFO] [1780846582.785228484]: cmd_vel:[0.33859 0.097332 -1.00778][0m
[0m[ INFO] [1780846582.802930268]: update_speed[0m
[0m[ INFO] [1780846582.864883245]: cmd_vel:[0.340565 0.130379 -0.564304][0m
[0m[ INFO] [1780846582.880760071]: update_speed[0m
[0m[ INFO] [1780846582.978153810]: cmd_vel:[0 0 0][0m
[0m[ INFO] [1780846582.992672790]: update_speed[0m
[0m[ INFO] [1780846583.089712929]: cmd_vel:[0.247223 0.138632 0.208811][0m
[0m[ INFO] [1780846583.104800276]: update_speed[0m
[0m[ INFO] [1780846583.171097144]: cmd_vel:[0.338391 0.186574 -0.0417488][0m
[0m[ INFO] [1780846583.184505100]: update_speed[0m
[0m[ INFO] [1780846583.280472740]: cmd_vel:[0.336461 0.165805 0.00571735][0m
[0m[ INFO] [1780846583.296445201]: update_speed[0m
[0m[ INFO] [1780846583.365116815]: cmd_vel:[0.338741 0.160643 0.0126033][0m
[0m[ INFO] [1780846583.376383141]: update_speed[0m
[0m[ INFO] [1780846583.472591271]: cmd_vel:[0.340827 0.174518 0.0489371][0m
[0m[ INFO] [1780846583.488376834]: update_speed[0m
[0m[ INFO] [1780846583.58600998