[rospy.client][INFO] 2026-06-07 23:34:29,589: init_node, name[/identify_node], pid[14852]
[xmlrpc][INFO] 2026-06-07 23:34:29,589: XML-RPC server binding to 0.0.0.0:0
[xmlrpc][INFO] 2026-06-07 23:34:29,589: Started XML-RPC server [http://abot-robot:40611/]
[rospy.impl.masterslave][INFO] 2026-06-07 23:34:29,589: _ready: http://abot-robot:40611/
[rospy.init][INFO] 2026-06-07 23:34:29,591: ROS Slave URI: [http://abot-robot:40611/]
[rospy.registration][INFO] 2026-06-07 23:34:29,594: Registering with master node http://localhost:11311
[xmlrpc][INFO] 2026-06-07 23:34:29,594: xml rpc node: starting XML-RPC server
[rospy.init][INFO] 2026-06-07 23:34:29,692: registered with master
[rospy.rosout][INFO] 2026-06-07 23:34:29,692: initializing /rosout core topic
[rospy.rosout][INFO] 2026-06-07 23:34:29,696: connected to core topic /rosout
[rospy.simtime][INFO] 2026-06-07 23:34:29,697: /use_sim_time is not set, will not subscribe to simulated time [/clock] topic
[rospy.internal][INFO] 2026-06-07 23:34:29,703: topic[/usb_cam/image_raw] adding connection to [http://abot-robot:39109/], count 0
[rosout][INFO] 2026-06-07 23:34:29,708: 视觉大模型模块启动成功！
[rosout][INFO] 2026-06-07 23:34:29,709: 准备识别...
[rospy.internal][INFO] 2026-06-07 23:34:29,944: topic[/rosout] adding connection to [/rosout], count 0
[rosout][INFO] 2026-06-07 23:35:03,130: 保存至/home/abot/craic/src/abot_vlm/temp2/vl_now.jpg
[httpx][INFO] 2026-06-07 23:35:08,107: HTTP Request: POST https://ark.cn-beijing.volces.com/api/v3/chat/completions "HTTP/1.1 200 OK"
[rosout][INFO] 2026-06-07 23:35:08,114: 大模型原始返回：
本题可先根据“每筐重量×筐数 = 总重量”求出筐装橙子的重量，再加上散装橙子的重量，即可求出水果店一共运来橙子的重量。

### 步骤一：计算筐装橙子的重量
已知水果店运来\(4\)筐橙子，每筐\(7\)千克，根据上述公式可得筐装橙子的重量为：\(4\times7 = 28\)（千克）

### 步骤二：计算水果店一共运来橙子的重量
已知又运来\(3\)千克散装橙子，由步骤一可知筐装橙子重\(28\)千克，将两者相加可得：\(28 + 3 = 31\)（千克）
 
综上，答案为\(31\)。
--- 清理后结果：31
[rosout][INFO] 2026-06-07 23:35:08,122: 最终识别结果：31
[httpx][INFO] 2026-06-07 23:35:08,320: HTTP Request: POST https://ark.cn-beijing.volces.com/api/v3/chat/completions "HTTP/1.1 200 OK"
[rosout][INFO] 2026-06-07 23:35:08,321: 大模型原始返回：
本题可先计算出\(4\)筐橙子的重量，再加上散装橙子的重量，从而得到水果店一共运来橙子的重量。

### 步骤一：计算\(4\)筐橙子的重量
已知水果店运来\(4\)筐橙子，每筐\(7\)千克，根据“总重量\(=\)筐数\(\times\)每筐重量”，可得\(4\)筐橙子的重量为：
\(4\times7 = 28\)（千克）

### 步骤二：计算水果店一共运来橙子的重量
又已知运来\(3\)千克散装橙子，将\(4\)筐橙子的重量与散装橙子的重量相加，可得水果店一共运来橙子的重量为：
\(28 + 3 = 31\)（千克）
 
综上，答案为\(31\)。
--- 清理后结果：31
[rosout][INFO] 2026-06-07 23:35:37,147: 保存至/home/abot/craic/src/abot_vlm/temp2/vl_now.jpg
[httpx][INFO] 2026-06-07 23:35:40,986: HTTP Request: POST https://ark.cn-beijing.volces.com/api/v3/chat/completions "HTTP/1.1 200 OK"
[rosout][INFO] 2026-06-07 23:35:40,987: 大模型原始返回：
本题可先根据每天写的页数和写的天数求出已经写的页数，再加上剩余的页数，即可求出全书的页数。

- **步骤一：计算已经写的页数**
已知每天写\(8\)页，写了\(8\)天，根据“总页数\(=\)每天写的页数\(\times\)天数”，可得已经写的页数为：\(8\times8 = 64\)（页）
 
- **步骤二：计算全书的页数**
已知还剩\(1\)页，由步骤一可知已经写了\(64\)页，那么全书的页数为已经写的页数加上剩余的页数，即：\(64 + 1 = 65\)（页）

综上，答案为\(65\)。
--- 清理后结果：无
[rosout][INFO] 2026-06-07 23:35:40,989: 最终识别结果：无
[httpx][INFO] 2026-06-07 23:35:41,282: HTTP Request: POST https://ark.cn-beijing.volces.com/api/v3/chat/completions "HTTP/1.1 200 OK"
[rosout][INFO] 2026-06-07 23:35:41,283: 大模型原始返回：
本题可先根据每天写的页数和写的天数求出已经写的页数，再加上剩余的页数，即可求出全书的总页数。

- **步骤一：计算已经写的页数**
已知每天写\(8\)页，写了\(8\)天，根据“总页数\(=\)每天写的页数\(\times\)天数”，可得已经写的页数为：\(8\times8 = 64\)（页）

- **步骤二：计算全书的总页数**
已知还剩\(1\)页，由步骤一可知已经写了\(64\)页，根据“全书总页数\(=\)已经写的页数\(+\)剩余页数”，可得全书的总页数为：\(64 + 1 = 65\)（页）
 
综上，答案为\(65\)。
--- 清理后结果：无
[rosout][INFO] 2026-06-07 23:36:07,322: 保存至/home/abot/craic/src/abot_vlm/temp2/vl_now.jpg
[httpx][INFO] 2026-06-07 23:36:11,584: HTTP Request: POST https://ark.cn-beijing.volces.com/api/v3/chat/completions "HTTP/1.1 200 OK"
[rosout][INFO] 2026-06-07 23:36:11,586: 大模型原始返回：
本题可先根据已知条件算出原来进货的牛奶盒数，再加上补货的盒数，从而得到超市一共进的牛奶盒数。

### 步骤一：计算原来进货的牛奶盒数
已知超市进货\(9\)箱牛奶，每箱\(5\)盒，根据“总盒数\(=\)箱数\(\times\)每箱的盒数”，可得原来进货的牛奶盒数为：\(9\times5 = 45\)（盒）

### 步骤二：计算超市一共进的牛奶盒数
又已知补货\(5\)盒酸牛奶，将原来进货的牛奶盒数与补货的盒数相加，可得超市一共进的牛奶盒数为：\(45 + 5 = 50\)（盒）

综上，答案为\(50\)。
--- 清理后结果：50
[rosout][INFO] 2026-06-07 23:36:11,587: 最终识别结果：50
[httpx][INFO] 2026-06-07 23:36:11,764: HTTP Request: POST https://ark.cn-beijing.volces.com/api/v3/chat/completions "HTTP/1.1 200 OK"
[rosout][INFO] 2026-06-07 23:36:11,765: 大模型原始返回：
本题可先根据已知条件算出原先进货的牛奶盒数，再加上补进的牛奶盒数，从而得出超市一共进的牛奶盒数。

### 步骤一：计算原先进货的牛奶盒数
已知超市进货\(9\)箱牛奶，每箱\(5\)盒，根据“总盒数\(=\)箱数\(\times\)每箱的盒数”，可得原先进货的牛奶盒数为：\(9\times5 = 45\)（盒）

### 步骤二：计算超市一共进的牛奶盒数
又已知补进\(5\)盒散装牛奶，将原先进货的牛奶盒数与补进的牛奶盒数相加，可得超市一共进的牛奶盒数为：\(45 + 5 = 50\)（盒）
 
综上，答案为\(50\)。
--- 清理后结果：50
[rosout][INFO] 2026-06-07 23:36:25,921: 保存至/home/abot/craic/src/abot_vlm/temp2/vl_now.jpg
[rospy.core][INFO] 2026-06-07 23:36:29,945: signal_shutdown [signal-2]
[rospy.internal][INFO] 2026-06-07 23:36:29,948: topic[/rosout] removing connection to /rosout
[rospy.internal][INFO] 2026-06-07 23:36:29,948: topic[/usb_cam/image_raw] removing connection to http://abot-robot:39109/
[rospy.impl.masterslave][INFO] 2026-06-07 23:36:29,948: signal-2
[httpx][INFO] 2026-06-07 23:36:30,351: HTTP Request: POST https://ark.cn-beijing.volces.com/api/v3/chat/completions "HTTP/1.1 200 OK"
[rospy.rosout][ERROR] 2026-06-07 23:36:30,519: Unable to report rosout: [Errno 111] Connection refused
Traceback (most recent call last):
  File "/opt/ros/melodic/lib/python2.7/dist-packages/rospy/msproxy.py", line 165, in get_param_cached
    return rospy.impl.paramserver.get_param_server_cache().get(resolved_key)
  File "/opt/ros/melodic/lib/python2.7/dist-packages/rospy/impl/paramserver.py", line 177, in get
    raise KeyError(key)
KeyError: '/rosout_disable_topics_generation'

During handling of the above exception, another exception occurred:

Traceback (most recent call last):
  File "/opt/ros/melodic/lib/python2.7/dist-packages/rospy/impl/rosout.py", line 91, in _rosout
    disable_topics_ = rospy.get_param_cached("/rosout_disable_topics_generation", False)
  File "/opt/ros/melodic/lib/python2.7/dist-packages/rospy/client.py", line 490, in get_param_cached
    return _param_server.get_param_cached(param_name)
  File "/opt/ros/melodic/lib/python2.7/dist-packages/rospy/msproxy.py", line 168, in get_param_cached
    code, msg, value = self.target.subscribeParam(rospy.names.get_caller_id(), rospy.core.get_node_uri(), resolved_key)
  File "/home/abot/anaconda3/envs/robot_com/lib/python3.8/xmlrpc/client.py", line 1109, in __call__
    return self.__send(self.__name, args)
  File "/opt/ros/melodic/lib/python2.7/dist-packages/rospy/core.py", line 669, in _ServerProxy__request
    return xmlrpcclient.ServerProxy._ServerProxy__request(
  File "/home/abot/anaconda3/envs/robot_com/lib/python3.8/xmlrpc/client.py", line 1450, in __request
    response = self.__transport.request(
  File "/home/abot/anaconda3/envs/robot_com/lib/python3.8/xmlrpc/client.py", line 1153, in request
    return self.single_request(host, handler, request_body, verbose)
  File "/home/abot/anaconda3/envs/robot_com/lib/python3.8/xmlrpc/client.py", line 1165, in single_request
    http_conn = self.send_request(host, handler, request_body, verbose)
  File "/home/abot/anaconda3/envs/robot_com/lib/python3.8/xmlrpc/client.py", line 1278, in send_request
    self.send_content(connection, request_body)
  File "/home/abot/anaconda3/envs/robot_com/lib/python3.8/xmlrpc/client.py", line 1308, in send_content
    connection.endheaders(request_body)
  File "/home/abot/anaconda3/envs/robot_com/lib/python3.8/http/client.py", line 1251, in endheaders
    self._send_output(message_body, encode_chunked=encode_chunked)
  File "/home/abot/anaconda3/envs/robot_com/lib/python3.8/http/client.py", line 1011, in _send_output
    self.send(msg)
  File "/home/abot/anaconda3/envs/robot_com/lib/python3.8/http/client.py", line 951, in send
    self.connect()
  File "/home/abot/anaconda3/envs/robot_com/lib/python3.8/http/client.py", line 922, in connect
    self.sock = self._create_connection(
  File "/home/abot/anaconda3/envs/robot_com/lib/python3.8/socket.py", line 820, in create_connection
    raise err
  File "/home/abot/anaconda3/envs/robot_com/lib/python3.8/socket.py", line 808, in create_connection
    sock.connect(sa)
ConnectionRefusedError: [Errno 111] Connection refused

[rosout][INFO] 2026-06-07 23:36:30,352: 大模型原始返回：
本题可先根据已知条件求出\(6\)组同学种树的数量，再加上多的\(3\)棵树，从而得出一共种树的数量。

### 步骤一：计算\(6\)组同学种树的数量
已知有\(6\)组同学，每组种\(8\)棵树，根据乘法的意义，求几个相同加数的和的简便运算用乘法，可得出\(6\)组同学种树的数量为：\(6\times8 = 48\)（棵）

### 步骤二：计算一共种树的数量
因为最后多\(3\)棵树，所以将\(6\)组同学种树的数量加上多的\(3\)棵树，可得一共种树的数量为：\(48 + 3 = 51\)（棵）
 
综上，答案为\(51\)。
--- 清理后结果：51
[rospy.rosout][ERROR] 2026-06-07 23:36:30,526: Unable to report rosout: [Errno 111] Connection refused
Traceback (most recent call last):
  File "/opt/ros/melodic/lib/python2.7/dist-packages/rospy/msproxy.py", line 165, in get_param_cached
    return rospy.impl.paramserver.get_param_server_cache().get(resolved_key)
  File "/opt/ros/melodic/lib/python2.7/dist-packages/rospy/impl/paramserver.py", line 177, in get
    raise KeyError(key)
KeyError: '/rosout_disable_topics_generation'

During handling of the above exception, another exception occurred:

Traceback (most recent call last):
  File "/opt/ros/melodic/lib/python2.7/dist-packages/rospy/impl/rosout.py", line 91, in _rosout
    disable_topics_ = rospy.get_param_cached("/rosout_disable_topics_generation", False)
  File "/opt/ros/melodic/lib/python2.7/dist-packages/rospy/client.py", line 490, in get_param_cached
    return _param_server.get_param_cached(param_name)
  File "/opt/ros/melodic/lib/python2.7/dist-packages/rospy/msproxy.py", line 168, in get_param_cached
    code, msg, value = self.target.subscribeParam(rospy.names.get_caller_id(), rospy.core.get_node_uri(), resolved_key)
  File "/home/abot/anaconda3/envs/robot_com/lib/python3.8/xmlrpc/client.py", line 1109, in __call__
    return self.__send(self.__name, args)
  File "/opt/ros/melodic/lib/python2.7/dist-packages/rospy/core.py", line 669, in _ServerProxy__request
    return xmlrpcclient.ServerProxy._ServerProxy__request(
  File "/home/abot/anaconda3/envs/robot_com/lib/python3.8/xmlrpc/client.py", line 1450, in __request
    response = self.__transport.request(
  File "/home/abot/anaconda3/envs/robot_com/lib/python3.8/xmlrpc/client.py", line 1153, in request
    return self.single_request(host, handler, request_body, verbose)
  File "/home/abot/anaconda3/envs/robot_com/lib/python3.8/xmlrpc/client.py", line 1165, in single_request
    http_conn = self.send_request(host, handler, request_body, verbose)
  File "/home/abot/anaconda3/envs/robot_com/lib/python3.8/xmlrpc/client.py", line 1278, in send_request
    self.send_content(connection, request_body)
  File "/home/abot/anaconda3/envs/robot_com/lib/python3.8/xmlrpc/client.py", line 1308, in send_content
    connection.endheaders(request_body)
  File "/home/abot/anaconda3/envs/robot_com/lib/python3.8/http/client.py", line 1251, in endheaders
    self._send_output(message_body, encode_chunked=encode_chunked)
  File "/home/abot/anaconda3/envs/robot_com/lib/python3.8/http/client.py", line 1011, in _send_output
    self.send(msg)
  File "/home/abot/anaconda3/envs/robot_com/lib/python3.8/http/client.py", line 951, in send
    self.connect()
  File "/home/abot/anaconda3/envs/robot_com/lib/python3.8/http/client.py", line 922, in connect
    self.sock = self._create_connection(
  File "/home/abot/anaconda3/envs/robot_com/lib/python3.8/socket.py", line 820, in create_connection
    raise err
  File "/home/abot/anaconda3/envs/robot_com/lib/python3.8/socket.py", line 808, in create_connection
    sock.connect(sa)
ConnectionRefusedError: [Errno 111] Connection refused

[rosout][INFO] 2026-06-07 23:36:30,523: 最终识别结果：51
[rospy.core][INFO] 2026-06-07 23:36:30,555: signal_shutdown [atexit]
