[rospy.client][INFO] 2026-06-07 23:34:25,931: init_node, name[/odom_ekf], pid[14580]
[xmlrpc][INFO] 2026-06-07 23:34:25,932: XML-RPC server binding to 0.0.0.0:0
[xmlrpc][INFO] 2026-06-07 23:34:25,932: Started XML-RPC server [http://abot-robot:46159/]
[rospy.impl.masterslave][INFO] 2026-06-07 23:34:25,932: _ready: http://abot-robot:46159/
[rospy.registration][INFO] 2026-06-07 23:34:25,933: Registering with master node http://localhost:11311
[xmlrpc][INFO] 2026-06-07 23:34:25,933: xml rpc node: starting XML-RPC server
[rospy.init][INFO] 2026-06-07 23:34:25,935: ROS Slave URI: [http://abot-robot:46159/]
[rospy.init][INFO] 2026-06-07 23:34:25,935: registered with master
[rospy.rosout][INFO] 2026-06-07 23:34:25,935: initializing /rosout core topic
[rospy.rosout][INFO] 2026-06-07 23:34:25,952: connected to core topic /rosout
[rospy.simtime][INFO] 2026-06-07 23:34:25,960: /use_sim_time is not set, will not subscribe to simulated time [/clock] topic
[rospy.internal][INFO] 2026-06-07 23:34:25,970: topic[/robot_pose_ekf/odom_combined] adding connection to [http://abot-robot:33975/], count 0
[rospy.internal][INFO] 2026-06-07 23:34:26,094: topic[/rosout] adding connection to [/rosout], count 0
[rospy.internal][INFO] 2026-06-07 23:34:26,501: topic impl's ref count is zero, deleting topic /robot_pose_ekf/odom_combined...
[rospy.internal][INFO] 2026-06-07 23:34:26,501: topic[/robot_pose_ekf/odom_combined] removing connection to http://abot-robot:33975/
[rospy.internal][INFO] 2026-06-07 23:34:26,507: topic[/robot_pose_ekf/odom_combined] adding connection to [http://abot-robot:33975/], count 0
[rosout][INFO] 2026-06-07 23:34:26,505: Publishing combined odometry on
[rospy.internal][INFO] 2026-06-07 23:34:28,124: topic[/odom] adding connection to [/cartographer_node], count 0
[rospy.internal][INFO] 2026-06-07 23:34:30,042: topic[/odom] adding connection to [/rviz], count 1
[rospy.internal][INFO] 2026-06-07 23:34:31,466: topic[/odom] adding connection to [/navigation_node], count 2
[rospy.core][INFO] 2026-06-07 23:36:29,963: signal_shutdown [signal-2]
[rospy.internal][INFO] 2026-06-07 23:36:29,966: topic[/rosout] removing connection to /rosout
[rospy.internal][INFO] 2026-06-07 23:36:29,966: topic[/odom] removing connection to /cartographer_node
[rospy.internal][INFO] 2026-06-07 23:36:29,966: topic[/odom] removing connection to /rviz
[rospy.internal][INFO] 2026-06-07 23:36:29,966: topic[/odom] removing connection to /navigation_node
[rospy.internal][INFO] 2026-06-07 23:36:29,966: topic[/robot_pose_ekf/odom_combined] removing connection to http://abot-robot:33975/
[rospy.impl.masterslave][INFO] 2026-06-07 23:36:29,966: signal-2
[rospy.core][INFO] 2026-06-07 23:36:30,564: signal_shutdown [atexit]
